<?xml version="1.0" encoding="UTF-8" standalone="yes"?><!DOCTYPE report PUBLIC "-//JACOCO//DTD Report 1.1//EN" "report.dtd"><report name="se-tetris-team8"><sessioninfo id="Minjun-10961a30" start="1764774998428" dump="1764775348674"/><package name="core"><class name="core/Difficulty" sourcefilename="Difficulty.java"><method name="&lt;clinit&gt;" desc="()V" line="3"><counter type="INSTRUCTION" missed="0" covered="21"/><counter type="LINE" missed="0" covered="4"/><counter type="COMPLEXITY" missed="0" covered="1"/><counter type="METHOD" missed="0" covered="1"/></method><counter type="INSTRUCTION" missed="0" covered="21"/><counter type="LINE" missed="0" covered="4"/><counter type="COMPLEXITY" missed="0" covered="1"/><counter type="METHOD" missed="0" covered="1"/><counter type="CLASS" missed="0" covered="1"/></class><class name="core/PendingLines" sourcefilename="PendingLines.java"><method name="&lt;init&gt;" desc="()V" line="8"><counter type="INSTRUCTION" missed="0" covered="11"/><counter type="LINE" missed="0" covered="3"/><counter type="COMPLEXITY" missed="0" covered="1"/><counter type="METHOD" missed="0" covered="1"/></method><method name="addLines" desc="(I)V" line="16"><counter type="INSTRUCTION" missed="0" covered="7"/><counter type="LINE" missed="0" covered="2"/><counter type="COMPLEXITY" missed="0" covered="1"/><counter type="METHOD" missed="0" covered="1"/></method><method name="hasPendingLines" desc="()Z" line="23"><counter type="INSTRUCTION" missed="0" covered="7"/><counter type="BRANCH" missed="0" covered="2"/><counter type="LINE" missed="0" covered="1"/><counter type="COMPLEXITY" missed="0" covered="2"/><counter type="METHOD" missed="0" covered="1"/></method><method name="getCount" desc="()I" line="30"><counter type="INSTRUCTION" missed="0" covered="3"/><counter type="LINE" missed="0" covered="1"/><counter type="COMPLEXITY" missed="0" covered="1"/><counter type="METHOD" missed="0" covered="1"/></method><method name="applyToBoard" desc="([[Lcore/ShapeType;)I" line="39"><counter type="INSTRUCTION" missed="0" covered="84"/><counter type="BRANCH" missed="0" covered="16"/><counter type="LINE" missed="0" covered="15"/><counter type="COMPLEXITY" missed="0" covered="9"/><counter type="METHOD" missed="0" covered="1"/></method><method name="reset" desc="()V" line="78"><counter type="INSTRUCTION" missed="0" covered="4"/><counter type="LINE" missed="0" covered="2"/><counter type="COMPLEXITY" missed="0" covered="1"/><counter type="METHOD" missed="0" covered="1"/></method><counter type="INSTRUCTION" missed="0" covered="116"/><counter type="BRANCH" missed="0" covered="18"/><counter type="LINE" missed="0" covered="24"/><counter type="COMPLEXITY" missed="0" covered="15"/><counter type="METHOD" missed="0" covered="6"/><counter type="CLASS" missed="0" covered="1"/></class><class name="core/Settings$KeyBinding" sourcefilename="Settings.java"><method name="&lt;init&gt;" desc="(Ljava/lang/String;ILjava/lang/String;II)V" line="35"><counter type="INSTRUCTION" missed="0" covered="20"/><counter type="LINE" missed="0" covered="7"/><counter type="COMPLEXITY" missed="0" covered="1"/><counter type="METHOD" missed="0" covered="1"/></method><method name="getConfigKey" desc="()Ljava/lang/String;" line="43"><counter type="INSTRUCTION" missed="0" covered="3"/><counter type="LINE" missed="0" covered="1"/><counter type="COMPLEXITY" missed="0" covered="1"/><counter type="METHOD" missed="0" covered="1"/></method><method name="getConfigKeyP1" desc="()Ljava/lang/String;" line="44"><counter type="INSTRUCTION" missed="0" covered="4"/><counter type="LINE" missed="0" covered="1"/><counter type="COMPLEXITY" missed="0" covered="1"/><counter type="METHOD" missed="0" covered="1"/></method><method name="getConfigKeyP2" desc="()Ljava/lang/String;" line="45"><counter type="INSTRUCTION" missed="0" covered="4"/><counter type="LINE" missed="0" covered="1"/><counter type="COMPLEXITY" missed="0" covered="1"/><counter type="METHOD" missed="0" covered="1"/></method><method name="getDefaultValue" desc="(Lcore/Settings$Player;)I" line="48"><counter type="INSTRUCTION" missed="0" covered="9"/><counter type="BRANCH" missed="0" covered="2"/><counter type="LINE" missed="0" covered="1"/><counter type="COMPLEXITY" missed="0" covered="2"/><counter type="METHOD" missed="0" covered="1"/></method><method name="getValue" desc="(Lcore/Settings$Player;)I" line="52"><counter type="INSTRUCTION" missed="0" covered="9"/><counter type="BRANCH" missed="0" covered="2"/><counter type="LINE" missed="0" covered="1"/><counter type="COMPLEXITY" missed="0" covered="2"/><counter type="METHOD" missed="0" covered="1"/></method><method name="setValue" desc="(Lcore/Settings$Player;I)V" line="56"><counter type="INSTRUCTION" missed="0" covered="11"/><counter type="BRANCH" missed="0" covered="2"/><counter type="LINE" missed="0" covered="3"/><counter type="COMPLEXITY" missed="0" covered="2"/><counter type="METHOD" missed="0" covered="1"/></method><method name="reset" desc="()V" line="61"><counter type="INSTRUCTION" missed="0" covered="9"/><counter type="LINE" missed="0" covered="3"/><counter type="COMPLEXITY" missed="0" covered="1"/><counter type="METHOD" missed="0" covered="1"/></method><method name="getKeyCode" desc="(Lcore/Settings$Player;)I" line="66"><counter type="INSTRUCTION" missed="0" covered="4"/><counter type="LINE" missed="0" covered="1"/><counter type="COMPLEXITY" missed="0" covered="1"/><counter type="METHOD" missed="0" covered="1"/></method><method name="&lt;clinit&gt;" desc="()V" line="22"><counter type="INSTRUCTION" missed="0" covered="48"/><counter type="LINE" missed="0" covered="6"/><counter type="COMPLEXITY" missed="0" covered="1"/><counter type="METHOD" missed="0" covered="1"/></method><counter type="INSTRUCTION" missed="0" covered="121"/><counter type="BRANCH" missed="0" covered="6"/><counter type="LINE" missed="0" covered="25"/><counter type="COMPLEXITY" missed="0" covered="13"/><counter type="METHOD" missed="0" covered="10"/><counter type="CLASS" missed="0" covered="1"/></class><class name="core/BattleMode" sourcefilename="BattleMode.java"/><class name="core/Tetromino" sourcefilename="Tetromino.java"><method name="&lt;init&gt;" desc="(Lcore/ShapeType;II)V" line="9"><counter type="INSTRUCTION" missed="0" covered="23"/><counter type="BRANCH" missed="1" covered="1"/><counter type="LINE" missed="0" covered="7"/><counter type="COMPLEXITY" missed="1" covered="1"/><counter type="METHOD" missed="0" covered="1"/></method><method name="move" desc="(II)V" line="18"><counter type="INSTRUCTION" missed="0" covered="13"/><counter type="LINE" missed="0" covered="1"/><counter type="COMPLEXITY" missed="0" covered="1"/><counter type="METHOD" missed="0" covered="1"/></method><method name="getRotatedCopy" desc="()Lcore/Tetromino;" line="21"><counter type="INSTRUCTION" missed="0" covered="27"/><counter type="LINE" missed="0" covered="4"/><counter type="COMPLEXITY" missed="0" covered="1"/><counter type="METHOD" missed="0" covered="1"/></method><method name="rotate" desc="()V" line="28"><counter type="INSTRUCTION" missed="0" covered="16"/><counter type="LINE" missed="0" covered="3"/><counter type="COMPLEXITY" missed="0" covered="1"/><counter type="METHOD" missed="0" covered="1"/></method><method name="setBlocks" desc="([Lcore/Position;)V" line="33"><counter type="INSTRUCTION" missed="0" covered="4"/><counter type="LINE" missed="0" covered="2"/><counter type="COMPLEXITY" missed="0" covered="1"/><counter type="METHOD" missed="0" covered="1"/></method><method name="getBlocks" desc="()[Lcore/Position;" line="36"><counter type="INSTRUCTION" missed="0" covered="3"/><counter type="LINE" missed="0" covered="1"/><counter type="COMPLEXITY" missed="0" covered="1"/><counter type="METHOD" missed="0" covered="1"/></method><method name="getX" desc="()I" line="37"><counter type="INSTRUCTION" missed="0" covered="3"/><counter type="LINE" missed="0" covered="1"/><counter type="COMPLEXITY" missed="0" covered="1"/><counter type="METHOD" missed="0" covered="1"/></method><method name="getY" desc="()I" line="38"><counter type="INSTRUCTION" missed="0" covered="3"/><counter type="LINE" missed="0" covered="1"/><counter type="COMPLEXITY" missed="0" covered="1"/><counter type="METHOD" missed="0" covered="1"/></method><method name="getShape" desc="()Lcore/ShapeType;" line="39"><counter type="INSTRUCTION" missed="0" covered="3"/><counter type="LINE" missed="0" covered="1"/><counter type="COMPLEXITY" missed="0" covered="1"/><counter type="METHOD" missed="0" covered="1"/></method><method name="getRotation" desc="()I" line="40"><counter type="INSTRUCTION" missed="0" covered="3"/><counter type="LINE" missed="0" covered="1"/><counter type="COMPLEXITY" missed="0" covered="1"/><counter type="METHOD" missed="0" covered="1"/></method><counter type="INSTRUCTION" missed="0" covered="98"/><counter type="BRANCH" missed="1" covered="1"/><counter type="LINE" missed="0" covered="22"/><counter type="COMPLEXITY" missed="1" covered="10"/><counter type="METHOD" missed="0" covered="10"/><counter type="CLASS" missed="0" covered="1"/></class><class name="core/Position" sourcefilename="Position.java"><method name="&lt;init&gt;" desc="(II)V" line="7"><counter type="INSTRUCTION" missed="0" covered="9"/><counter type="LINE" missed="0" covered="4"/><counter type="COMPLEXITY" missed="0" covered="1"/><counter type="METHOD" missed="0" covered="1"/></method><method name="add" desc="(II)Lcore/Position;" line="13"><counter type="INSTRUCTION" missed="0" covered="12"/><counter type="LINE" missed="0" covered="1"/><counter type="COMPLEXITY" missed="0" covered="1"/><counter type="METHOD" missed="0" covered="1"/></method><method name="toString" desc="()Ljava/lang/String;" line="18"><counter type="INSTRUCTION" missed="0" covered="6"/><counter type="LINE" missed="0" covered="1"/><counter type="COMPLEXITY" missed="0" covered="1"/><counter type="METHOD" missed="0" covered="1"/></method><counter type="INSTRUCTION" missed="0" covered="27"/><counter type="LINE" missed="0" covered="6"/><counter type="COMPLEXITY" missed="0" covered="3"/><counter type="METHOD" missed="0" covered="3"/><counter type="CLASS" missed="0" covered="1"/></class><class name="core/Settings" sourcefilename="Settings.java"><method name="&lt;init&gt;" desc="()V" line="13"><counter type="INSTRUCTION" missed="3" covered="0"/><counter type="LINE" missed="1" covered="0"/><counter type="COMPLEXITY" missed="1" covered="0"/><counter type="METHOD" missed="1" covered="0"/></method><method name="load" desc="()V" line="82"><counter type="INSTRUCTION" missed="1" covered="110"/><counter type="BRANCH" missed="7" covered="11"/><counter type="LINE" missed="1" covered="20"/><counter type="COMPLEXITY" missed="7" covered="3"/><counter type="METHOD" missed="0" covered="1"/></method><method name="save" desc="()V" line="121"><counter type="INSTRUCTION" missed="6" covered="87"/><counter type="BRANCH" missed="2" covered="4"/><counter type="LINE" missed="3" covered="15"/><counter type="COMPLEXITY" missed="2" covered="2"/><counter type="METHOD" missed="0" covered="1"/></method><method name="getKeyDown" desc="()I" line="152"><counter type="INSTRUCTION" missed="0" covered="4"/><counter type="LINE" missed="0" covered="1"/><counter type="COMPLEXITY" missed="0" covered="1"/><counter type="METHOD" missed="0" covered="1"/></method><method name="setKeyDown" desc="(I)V" line="153"><counter type="INSTRUCTION" missed="0" covered="5"/><counter type="LINE" missed="0" covered="1"/><counter type="COMPLEXITY" missed="0" covered="1"/><counter type="METHOD" missed="0" covered="1"/></method><method name="getKeyLeft" desc="()I" line="155"><counter type="INSTRUCTION" missed="0" covered="4"/><counter type="LINE" missed="0" covered="1"/><counter type="COMPLEXITY" missed="0" covered="1"/><counter type="METHOD" missed="0" covered="1"/></method><method name="setKeyLeft" desc="(I)V" line="156"><counter type="INSTRUCTION" missed="0" covered="5"/><counter type="LINE" missed="0" covered="1"/><counter type="COMPLEXITY" missed="0" covered="1"/><counter type="METHOD" missed="0" covered="1"/></method><method name="getKeyRight" desc="()I" line="158"><counter type="INSTRUCTION" missed="0" covered="4"/><counter type="LINE" missed="0" covered="1"/><counter type="COMPLEXITY" missed="0" covered="1"/><counter type="METHOD" missed="0" covered="1"/></method><method name="setKeyRight" desc="(I)V" line="159"><counter type="INSTRUCTION" missed="0" covered="5"/><counter type="LINE" missed="0" covered="1"/><counter type="COMPLEXITY" missed="0" covered="1"/><counter type="METHOD" missed="0" covered="1"/></method><method name="getKeyRotate" desc="()I" line="161"><counter type="INSTRUCTION" missed="0" covered="4"/><counter type="LINE" missed="0" covered="1"/><counter type="COMPLEXITY" missed="0" covered="1"/><counter type="METHOD" missed="0" covered="1"/></method><method name="setKeyRotate" desc="(I)V" line="162"><counter type="INSTRUCTION" missed="0" covered="5"/><counter type="LINE" missed="0" covered="1"/><counter type="COMPLEXITY" missed="0" covered="1"/><counter type="METHOD" missed="0" covered="1"/></method><method name="getKeyHardDrop" desc="()I" line="164"><counter type="INSTRUCTION" missed="0" covered="4"/><counter type="LINE" missed="0" covered="1"/><counter type="COMPLEXITY" missed="0" covered="1"/><counter type="METHOD" missed="0" covered="1"/></method><method name="setKeyHardDrop" desc="(I)V" line="165"><counter type="INSTRUCTION" missed="0" covered="5"/><counter type="LINE" missed="0" covered="1"/><counter type="COMPLEXITY" missed="0" covered="1"/><counter type="METHOD" missed="0" covered="1"/></method><method name="getKeyDown" desc="(Lcore/Settings$Player;)I" line="168"><counter type="INSTRUCTION" missed="0" covered="4"/><counter type="LINE" missed="0" covered="1"/><counter type="COMPLEXITY" missed="0" covered="1"/><counter type="METHOD" missed="0" covered="1"/></method><method name="getKeyLeft" desc="(Lcore/Settings$Player;)I" line="169"><counter type="INSTRUCTION" missed="0" covered="4"/><counter type="LINE" missed="0" covered="1"/><counter type="COMPLEXITY" missed="0" covered="1"/><counter type="METHOD" missed="0" covered="1"/></method><method name="getKeyRight" desc="(Lcore/Settings$Player;)I" line="170"><counter type="INSTRUCTION" missed="0" covered="4"/><counter type="LINE" missed="0" covered="1"/><counter type="COMPLEXITY" missed="0" covered="1"/><counter type="METHOD" missed="0" covered="1"/></method><method name="getKeyRotate" desc="(Lcore/Settings$Player;)I" line="171"><counter type="INSTRUCTION" missed="0" covered="4"/><counter type="LINE" missed="0" covered="1"/><counter type="COMPLEXITY" missed="0" covered="1"/><counter type="METHOD" missed="0" covered="1"/></method><method name="getKeyHardDrop" desc="(Lcore/Settings$Player;)I" line="172"><counter type="INSTRUCTION" missed="0" covered="4"/><counter type="LINE" missed="0" covered="1"/><counter type="COMPLEXITY" missed="0" covered="1"/><counter type="METHOD" missed="0" covered="1"/></method><method name="isColorBlind" desc="()Z" line="175"><counter type="INSTRUCTION" missed="0" covered="2"/><counter type="LINE" missed="0" covered="1"/><counter type="COMPLEXITY" missed="0" covered="1"/><counter type="METHOD" missed="0" covered="1"/></method><method name="setColorBlind" desc="(Z)V" line="176"><counter type="INSTRUCTION" missed="0" covered="3"/><counter type="LINE" missed="0" covered="1"/><counter type="COMPLEXITY" missed="0" covered="1"/><counter type="METHOD" missed="0" covered="1"/></method><method name="getScoreboardFile" desc="()Ljava/lang/String;" line="178"><counter type="INSTRUCTION" missed="0" covered="2"/><counter type="LINE" missed="0" covered="1"/><counter type="COMPLEXITY" missed="0" covered="1"/><counter type="METHOD" missed="0" covered="1"/></method><method name="setScoreboardFile" desc="(Ljava/lang/String;)V" line="179"><counter type="INSTRUCTION" missed="0" covered="3"/><counter type="LINE" missed="0" covered="1"/><counter type="COMPLEXITY" missed="0" covered="1"/><counter type="METHOD" missed="0" covered="1"/></method><method name="getResolution" desc="()Ljava/lang/String;" line="181"><counter type="INSTRUCTION" missed="0" covered="2"/><counter type="LINE" missed="0" covered="1"/><counter type="COMPLEXITY" missed="0" covered="1"/><counter type="METHOD" missed="0" covered="1"/></method><method name="setResolution" desc="(Ljava/lang/String;)V" line="182"><counter type="INSTRUCTION" missed="0" covered="3"/><counter type="LINE" missed="0" covered="1"/><counter type="COMPLEXITY" missed="0" covered="1"/><counter type="METHOD" missed="0" covered="1"/></method><method name="getMainMusicVolume" desc="()F" line="184"><counter type="INSTRUCTION" missed="0" covered="2"/><counter type="LINE" missed="0" covered="1"/><counter type="COMPLEXITY" missed="0" covered="1"/><counter type="METHOD" missed="0" covered="1"/></method><method name="setMainMusicVolume" desc="(F)V" line="185"><counter type="INSTRUCTION" missed="0" covered="7"/><counter type="LINE" missed="0" covered="1"/><counter type="COMPLEXITY" missed="0" covered="1"/><counter type="METHOD" missed="0" covered="1"/></method><method name="getGameMusicVolume" desc="()F" line="187"><counter type="INSTRUCTION" missed="0" covered="2"/><counter type="LINE" missed="0" covered="1"/><counter type="COMPLEXITY" missed="0" covered="1"/><counter type="METHOD" missed="0" covered="1"/></method><method name="setGameMusicVolume" desc="(F)V" line="188"><counter type="INSTRUCTION" missed="0" covered="7"/><counter type="LINE" missed="0" covered="1"/><counter type="COMPLEXITY" missed="0" covered="1"/><counter type="METHOD" missed="0" covered="1"/></method><method name="getScaleFactor" desc="()D" line="193"><counter type="INSTRUCTION" missed="0" covered="18"/><counter type="LINE" missed="0" covered="5"/><counter type="COMPLEXITY" missed="0" covered="1"/><counter type="METHOD" missed="0" covered="1"/></method><method name="getWindowWidth" desc="()I" line="204"><counter type="INSTRUCTION" missed="0" covered="13"/><counter type="LINE" missed="0" covered="4"/><counter type="COMPLEXITY" missed="0" covered="1"/><counter type="METHOD" missed="0" covered="1"/></method><method name="getWindowHeight" desc="()I" line="213"><counter type="INSTRUCTION" missed="0" covered="13"/><counter type="LINE" missed="0" covered="4"/><counter type="COMPLEXITY" missed="0" covered="1"/><counter type="METHOD" missed="0" covered="1"/></method><method name="getBaseFontSize" desc="()I" line="222"><counter type="INSTRUCTION" missed="0" covered="14"/><counter type="BRANCH" missed="0" covered="4"/><counter type="LINE" missed="0" covered="4"/><counter type="COMPLEXITY" missed="0" covered="3"/><counter type="METHOD" missed="0" covered="1"/></method><method name="getCellSize" desc="()I" line="230"><counter type="INSTRUCTION" missed="0" covered="10"/><counter type="LINE" missed="0" covered="2"/><counter type="COMPLEXITY" missed="0" covered="1"/><counter type="METHOD" missed="0" covered="1"/></method><method name="resetToDefaults" desc="()V" line="239"><counter type="INSTRUCTION" missed="0" covered="29"/><counter type="BRANCH" missed="0" covered="2"/><counter type="LINE" missed="0" covered="8"/><counter type="COMPLEXITY" missed="0" covered="2"/><counter type="METHOD" missed="0" covered="1"/></method><method name="&lt;clinit&gt;" desc="()V" line="14"><counter type="INSTRUCTION" missed="0" covered="17"/><counter type="LINE" missed="0" covered="8"/><counter type="COMPLEXITY" missed="0" covered="1"/><counter type="METHOD" missed="0" covered="1"/></method><counter type="INSTRUCTION" missed="10" covered="409"/><counter type="BRANCH" missed="9" covered="21"/><counter type="LINE" missed="5" covered="95"/><counter type="COMPLEXITY" missed="10" covered="40"/><counter type="METHOD" missed="1" covered="34"/><counter type="CLASS" missed="0" covered="1"/></class><class name="core/ShapeType" sourcefilename="ShapeType.java"><method name="&lt;init&gt;" desc="(Ljava/lang/String;I[[[ILjava/awt/Color;Ljava/awt/Color;[[I)V" line="69"><counter type="INSTRUCTION" missed="0" covered="17"/><counter type="LINE" missed="0" covered="6"/><counter type="COMPLEXITY" missed="0" covered="1"/><counter type="METHOD" missed="0" covered="1"/></method><method name="getOffsets" desc="(I)[Lcore/Position;" line="77"><counter type="INSTRUCTION" missed="0" covered="37"/><counter type="BRANCH" missed="0" covered="2"/><counter type="LINE" missed="0" covered="4"/><counter type="COMPLEXITY" missed="0" covered="2"/><counter type="METHOD" missed="0" covered="1"/></method><method name="getColor" desc="()Ljava/awt/Color;" line="87"><counter type="INSTRUCTION" missed="3" covered="5"/><counter type="BRANCH" missed="1" covered="1"/><counter type="LINE" missed="0" covered="1"/><counter type="COMPLEXITY" missed="1" covered="1"/><counter type="METHOD" missed="0" covered="1"/></method><method name="getNormalColor" desc="()Ljava/awt/Color;" line="94"><counter type="INSTRUCTION" missed="3" covered="0"/><counter type="LINE" missed="1" covered="0"/><counter type="COMPLEXITY" missed="1" covered="0"/><counter type="METHOD" missed="1" covered="0"/></method><method name="getColorBlindColor" desc="()Ljava/awt/Color;" line="101"><counter type="INSTRUCTION" missed="3" covered="0"/><counter type="LINE" missed="1" covered="0"/><counter type="COMPLEXITY" missed="1" covered="0"/><counter type="METHOD" missed="1" covered="0"/></method><method name="getMappedIndex" desc="(II)I" line="111"><counter type="INSTRUCTION" missed="0" covered="9"/><counter type="LINE" missed="0" covered="1"/><counter type="COMPLEXITY" missed="0" covered="1"/><counter type="METHOD" missed="0" covered="1"/></method><method name="&lt;clinit&gt;" desc="()V" line="5"><counter type="INSTRUCTION" missed="0" covered="2675"/><counter type="LINE" missed="0" covered="9"/><counter type="COMPLEXITY" missed="0" covered="1"/><counter type="METHOD" missed="0" covered="1"/></method><counter type="INSTRUCTION" missed="9" covered="2743"/><counter type="BRANCH" missed="1" covered="3"/><counter type="LINE" missed="2" covered="21"/><counter type="COMPLEXITY" missed="3" covered="6"/><counter type="METHOD" missed="2" covered="5"/><counter type="CLASS" missed="0" covered="1"/></class><class name="core/Settings$Player" sourcefilename="Settings.java"><method name="&lt;clinit&gt;" desc="()V" line="17"><counter type="INSTRUCTION" missed="0" covered="15"/><counter type="LINE" missed="0" covered="2"/><counter type="COMPLEXITY" missed="0" covered="1"/><counter type="METHOD" missed="0" covered="1"/></method><counter type="INSTRUCTION" missed="0" covered="15"/><counter type="LINE" missed="0" covered="2"/><counter type="COMPLEXITY" missed="0" covered="1"/><counter type="METHOD" missed="0" covered="1"/><counter type="CLASS" missed="0" covered="1"/></class><class name="core/Board" sourcefilename="Board.java"><method name="&lt;init&gt;" desc="(Lcore/Difficulty;)V" line="55"><counter type="INSTRUCTION" missed="0" covered="5"/><counter type="LINE" missed="0" covered="2"/><counter type="COMPLEXITY" missed="0" covered="1"/><counter type="METHOD" missed="0" covered="1"/></method><method name="&lt;init&gt;" desc="(Lcore/Difficulty;Z)V" line="15"><counter type="INSTRUCTION" missed="0" covered="80"/><counter type="LINE" missed="0" covered="24"/><counter type="COMPLEXITY" missed="0" covered="1"/><counter type="METHOD" missed="0" covered="1"/></method><method name="setWeightsByDifficulty" desc="()V" line="71"><counter type="INSTRUCTION" missed="0" covered="47"/><counter type="BRANCH" missed="1" covered="5"/><counter type="LINE" missed="0" covered="8"/><counter type="COMPLEXITY" missed="1" covered="4"/><counter type="METHOD" missed="0" covered="1"/></method><method name="setScoreMultiplier" desc="()V" line="86"><counter type="INSTRUCTION" missed="0" covered="14"/><counter type="BRANCH" missed="1" covered="2"/><counter type="LINE" missed="0" covered="4"/><counter type="COMPLEXITY" missed="1" covered="2"/><counter type="METHOD" missed="0" covered="1"/></method><method name="pickByRoulette" desc="()Lcore/ShapeType;" line="95"><counter type="INSTRUCTION" missed="10" covered="62"/><counter type="BRANCH" missed="2" covered="10"/><counter type="LINE" missed="2" covered="8"/><counter type="COMPLEXITY" missed="2" covered="5"/><counter type="METHOD" missed="0" covered="1"/></method><method name="spawnNewTetromino" desc="()V" line="113"><counter type="INSTRUCTION" missed="43" covered="50"/><counter type="BRANCH" missed="12" covered="8"/><counter type="LINE" missed="9" covered="12"/><counter type="COMPLEXITY" missed="9" covered="2"/><counter type="METHOD" missed="0" covered="1"/></method><method name="moveLeft" desc="()V" line="156"><counter type="INSTRUCTION" missed="11" covered="22"/><counter type="BRANCH" missed="5" covered="3"/><counter type="LINE" missed="3" covered="4"/><counter type="COMPLEXITY" missed="4" covered="1"/><counter type="METHOD" missed="0" covered="1"/></method><method name="moveRight" desc="()V" line="170"><counter type="INSTRUCTION" missed="11" covered="22"/><counter type="BRANCH" missed="5" covered="3"/><counter type="LINE" missed="3" covered="4"/><counter type="COMPLEXITY" missed="4" covered="1"/><counter type="METHOD" missed="0" covered="1"/></method><method name="moveDown" desc="()Z" line="185"><counter type="INSTRUCTION" missed="15" covered="74"/><counter type="BRANCH" missed="3" covered="11"/><counter type="LINE" missed="5" covered="16"/><counter type="COMPLEXITY" missed="3" covered="5"/><counter type="METHOD" missed="0" covered="1"/></method><method name="hardDrop" desc="()V" line="228"><counter type="INSTRUCTION" missed="1" covered="118"/><counter type="BRANCH" missed="3" covered="15"/><counter type="LINE" missed="0" covered="23"/><counter type="COMPLEXITY" missed="3" covered="7"/><counter type="METHOD" missed="0" covered="1"/></method><method name="rotate" desc="()V" line="270"><counter type="INSTRUCTION" missed="5" covered="23"/><counter type="BRANCH" missed="3" covered="3"/><counter type="LINE" missed="2" covered="7"/><counter type="COMPLEXITY" missed="3" covered="1"/><counter type="METHOD" missed="0" covered="1"/></method><method name="updateItemBlockRotation" desc="()V" line="288"><counter type="INSTRUCTION" missed="17" covered="13"/><counter type="BRANCH" missed="2" covered="2"/><counter type="LINE" missed="2" covered="3"/><counter type="COMPLEXITY" missed="2" covered="1"/><counter type="METHOD" missed="0" covered="1"/></method><method name="addBaseScore" desc="(I)V" line="297"><counter type="INSTRUCTION" missed="0" covered="7"/><counter type="LINE" missed="0" covered="2"/><counter type="COMPLEXITY" missed="0" covered="1"/><counter type="METHOD" missed="0" covered="1"/></method><method name="addBonusScore" desc="(I)V" line="301"><counter type="INSTRUCTION" missed="0" covered="14"/><counter type="LINE" missed="0" covered="2"/><counter type="COMPLEXITY" missed="0" covered="1"/><counter type="METHOD" missed="0" covered="1"/></method><method name="canMove" desc="(Lcore/Tetromino;II)Z" line="306"><counter type="INSTRUCTION" missed="5" covered="61"/><counter type="BRANCH" missed="5" covered="11"/><counter type="LINE" missed="2" covered="7"/><counter type="COMPLEXITY" missed="5" covered="4"/><counter type="METHOD" missed="0" covered="1"/></method><method name="fixToBoard" desc="()V" line="322"><counter type="INSTRUCTION" missed="150" covered="123"/><counter type="BRANCH" missed="39" covered="17"/><counter type="LINE" missed="27" covered="18"/><counter type="COMPLEXITY" missed="26" covered="3"/><counter type="METHOD" missed="0" covered="1"/></method><method name="removeLine" desc="(I)V" line="426"><counter type="INSTRUCTION" missed="0" covered="35"/><counter type="BRANCH" missed="0" covered="4"/><counter type="LINE" missed="0" covered="4"/><counter type="COMPLEXITY" missed="0" covered="3"/><counter type="METHOD" missed="0" covered="1"/></method><method name="scanFullLines" desc="()Ljava/util/List;" line="438"><counter type="INSTRUCTION" missed="0" covered="38"/><counter type="BRANCH" missed="0" covered="8"/><counter type="LINE" missed="0" covered="10"/><counter type="COMPLEXITY" missed="0" covered="5"/><counter type="METHOD" missed="0" covered="1"/></method><method name="clearRows" desc="([I)V" line="458"><counter type="INSTRUCTION" missed="17" covered="163"/><counter type="BRANCH" missed="12" covered="26"/><counter type="LINE" missed="4" covered="37"/><counter type="COMPLEXITY" missed="10" covered="10"/><counter type="METHOD" missed="0" covered="1"/></method><method name="pollClearingRows" desc="()[I" line="537"><counter type="INSTRUCTION" missed="0" covered="8"/><counter type="LINE" missed="0" covered="3"/><counter type="COMPLEXITY" missed="0" covered="1"/><counter type="METHOD" missed="0" covered="1"/></method><method name="getAttackPattern" desc="([I)Ljava/util/List;" line="546"><counter type="INSTRUCTION" missed="20" covered="75"/><counter type="BRANCH" missed="7" covered="11"/><counter type="LINE" missed="4" covered="13"/><counter type="COMPLEXITY" missed="6" covered="4"/><counter type="METHOD" missed="0" covered="1"/></method><method name="clearLine" desc="(I)V" line="583"><counter type="INSTRUCTION" missed="0" covered="9"/><counter type="BRANCH" missed="0" covered="4"/><counter type="LINE" missed="0" covered="3"/><counter type="COMPLEXITY" missed="0" covered="3"/><counter type="METHOD" missed="0" covered="1"/></method><method name="activateSlowEffect" desc="()V" line="592"><counter type="INSTRUCTION" missed="0" covered="10"/><counter type="LINE" missed="0" covered="4"/><counter type="COMPLEXITY" missed="0" covered="1"/><counter type="METHOD" missed="0" covered="1"/></method><method name="updateSlowEffect" desc="()V" line="601"><counter type="INSTRUCTION" missed="6" covered="13"/><counter type="BRANCH" missed="1" covered="3"/><counter type="LINE" missed="2" covered="4"/><counter type="COMPLEXITY" missed="1" covered="2"/><counter type="METHOD" missed="0" covered="1"/></method><method name="isSlowEffectActive" desc="()Z" line="614"><counter type="INSTRUCTION" missed="0" covered="3"/><counter type="LINE" missed="0" covered="1"/><counter type="COMPLEXITY" missed="0" covered="1"/><counter type="METHOD" missed="0" covered="1"/></method><method name="getSlowEffectRemainingTime" desc="()J" line="621"><counter type="INSTRUCTION" missed="2" covered="14"/><counter type="BRANCH" missed="1" covered="1"/><counter type="LINE" missed="0" covered="3"/><counter type="COMPLEXITY" missed="1" covered="1"/><counter type="METHOD" missed="0" covered="1"/></method><method name="activateTransformEffect" desc="()V" line="634"><counter type="INSTRUCTION" missed="0" covered="10"/><counter type="LINE" missed="0" covered="4"/><counter type="COMPLEXITY" missed="0" covered="1"/><counter type="METHOD" missed="0" covered="1"/></method><method name="getTransformRemainingBlocks" desc="()I" line="644"><counter type="INSTRUCTION" missed="0" covered="3"/><counter type="LINE" missed="0" covered="1"/><counter type="COMPLEXITY" missed="0" covered="1"/><counter type="METHOD" missed="0" covered="1"/></method><method name="hasBlockBelow" desc="()Z" line="651"><counter type="INSTRUCTION" missed="6" covered="62"/><counter type="BRANCH" missed="7" covered="9"/><counter type="LINE" missed="1" covered="9"/><counter type="COMPLEXITY" missed="7" covered="2"/><counter type="METHOD" missed="0" covered="1"/></method><method name="isGameOver" desc="()Z" line="669"><counter type="INSTRUCTION" missed="0" covered="3"/><counter type="LINE" missed="0" covered="1"/><counter type="COMPLEXITY" missed="0" covered="1"/><counter type="METHOD" missed="0" covered="1"/></method><method name="getScore" desc="()I" line="670"><counter type="INSTRUCTION" missed="0" covered="3"/><counter type="LINE" missed="0" covered="1"/><counter type="COMPLEXITY" missed="0" covered="1"/><counter type="METHOD" missed="0" covered="1"/></method><method name="setScore" desc="(I)V" line="672"><counter type="INSTRUCTION" missed="0" covered="4"/><counter type="LINE" missed="0" covered="2"/><counter type="COMPLEXITY" missed="0" covered="1"/><counter type="METHOD" missed="0" covered="1"/></method><method name="getTotalLinesCleared" desc="()I" line="674"><counter type="INSTRUCTION" missed="0" covered="3"/><counter type="LINE" missed="0" covered="1"/><counter type="COMPLEXITY" missed="0" covered="1"/><counter type="METHOD" missed="0" covered="1"/></method><method name="getDifficulty" desc="()Lcore/Difficulty;" line="675"><counter type="INSTRUCTION" missed="0" covered="3"/><counter type="LINE" missed="0" covered="1"/><counter type="COMPLEXITY" missed="0" covered="1"/><counter type="METHOD" missed="0" covered="1"/></method><method name="getGrid" desc="()[[Lcore/ShapeType;" line="676"><counter type="INSTRUCTION" missed="0" covered="3"/><counter type="LINE" missed="0" covered="1"/><counter type="COMPLEXITY" missed="0" covered="1"/><counter type="METHOD" missed="0" covered="1"/></method><method name="getCurrent" desc="()Lcore/Tetromino;" line="677"><counter type="INSTRUCTION" missed="0" covered="3"/><counter type="LINE" missed="0" covered="1"/><counter type="COMPLEXITY" missed="0" covered="1"/><counter type="METHOD" missed="0" covered="1"/></method><method name="getNextShape" desc="()Lcore/ShapeType;" line="678"><counter type="INSTRUCTION" missed="0" covered="3"/><counter type="LINE" missed="0" covered="1"/><counter type="COMPLEXITY" missed="0" covered="1"/><counter type="METHOD" missed="0" covered="1"/></method><method name="isItemMode" desc="()Z" line="681"><counter type="INSTRUCTION" missed="0" covered="3"/><counter type="LINE" missed="0" covered="1"/><counter type="COMPLEXITY" missed="0" covered="1"/><counter type="METHOD" missed="0" covered="1"/></method><method name="getItemManager" desc="()Litems/ItemManager;" line="682"><counter type="INSTRUCTION" missed="0" covered="3"/><counter type="LINE" missed="0" covered="1"/><counter type="COMPLEXITY" missed="0" covered="1"/><counter type="METHOD" missed="0" covered="1"/></method><method name="getNextItemBlock" desc="()Litems/ItemBlock;" line="683"><counter type="INSTRUCTION" missed="0" covered="3"/><counter type="LINE" missed="0" covered="1"/><counter type="COMPLEXITY" missed="0" covered="1"/><counter type="METHOD" missed="0" covered="1"/></method><method name="getCurrentItemBlock" desc="()Litems/ItemBlock;" line="684"><counter type="INSTRUCTION" missed="0" covered="3"/><counter type="LINE" missed="0" covered="1"/><counter type="COMPLEXITY" missed="0" covered="1"/><counter type="METHOD" missed="0" covered="1"/></method><method name="addPendingAttackLines" desc="(Ljava/util/List;)V" line="688"><counter type="INSTRUCTION" missed="26" covered="29"/><counter type="BRANCH" missed="5" covered="3"/><counter type="LINE" missed="4" covered="8"/><counter type="COMPLEXITY" missed="3" covered="2"/><counter type="METHOD" missed="0" covered="1"/></method><method name="getPendingAttackLines" desc="()I" line="712"><counter type="INSTRUCTION" missed="0" covered="3"/><counter type="LINE" missed="0" covered="1"/><counter type="COMPLEXITY" missed="0" covered="1"/><counter type="METHOD" missed="0" covered="1"/></method><method name="getPendingAttackPattern" desc="()Ljava/util/List;" line="716"><counter type="INSTRUCTION" missed="0" covered="3"/><counter type="LINE" missed="0" covered="1"/><counter type="COMPLEXITY" missed="0" covered="1"/><counter type="METHOD" missed="0" covered="1"/></method><method name="applyPendingAttackLines" desc="()V" line="720"><counter type="INSTRUCTION" missed="3" covered="99"/><counter type="BRANCH" missed="3" covered="13"/><counter type="LINE" missed="1" covered="14"/><counter type="COMPLEXITY" missed="3" covered="6"/><counter type="METHOD" missed="0" covered="1"/></method><method name="reset" desc="()V" line="752"><counter type="INSTRUCTION" missed="0" covered="46"/><counter type="BRANCH" missed="0" covered="4"/><counter type="LINE" missed="0" covered="11"/><counter type="COMPLEXITY" missed="0" covered="3"/><counter type="METHOD" missed="0" covered="1"/></method><method name="setGrid" desc="([[Lcore/ShapeType;)V" line="773"><counter type="INSTRUCTION" missed="0" covered="22"/><counter type="BRANCH" missed="0" covered="4"/><counter type="LINE" missed="0" covered="4"/><counter type="COMPLEXITY" missed="0" covered="3"/><counter type="METHOD" missed="0" covered="1"/></method><method name="overrideCurrent" desc="(Lcore/Tetromino;)V" line="781"><counter type="INSTRUCTION" missed="0" covered="4"/><counter type="LINE" missed="0" covered="2"/><counter type="COMPLEXITY" missed="0" covered="1"/><counter type="METHOD" missed="0" covered="1"/></method><counter type="INSTRUCTION" missed="348" covered="1421"/><counter type="BRANCH" missed="117" covered="180"/><counter type="LINE" missed="71" covered="294"/><counter type="COMPLEXITY" missed="94" covered="104"/><counter type="METHOD" missed="0" covered="48"/><counter type="CLASS" missed="0" covered="1"/></class><sourcefile name="BattleMode.java"/><sourcefile name="Settings.java"><line nr="13" mi="3" ci="0" mb="0" cb="0"/><line nr="14" mi="0" ci="5" mb="0" cb="0"/><line nr="17" mi="0" ci="3" mb="0" cb="0"/><line nr="18" mi="0" ci="12" mb="0" cb="0"/><line nr="22" mi="0" ci="3" mb="0" cb="0"/><line nr="23" mi="0" ci="9" mb="0" cb="0"/><line nr="24" mi="0" ci="9" mb="0" cb="0"/><line nr="25" mi="0" ci="9" mb="0" cb="0"/><line nr="26" mi="0" ci="9" mb="0" cb="0"/><line nr="27" mi="0" ci="9" mb="0" cb="0"/><line nr="35" mi="0" ci="4" mb="0" cb="0"/><line nr="36" mi="0" ci="3" mb="0" cb="0"/><line nr="37" mi="0" ci="3" mb="0" cb="0"/><line nr="38" mi="0" ci="3" mb="0" cb="0"/><line nr="39" mi="0" ci="3" mb="0" cb="0"/><line nr="40" mi="0" ci="3" mb="0" cb="0"/><line nr="41" mi="0" ci="1" mb="0" cb="0"/><line nr="43" mi="0" ci="3" mb="0" cb="0"/><line nr="44" mi="0" ci="4" mb="0" cb="0"/><line nr="45" mi="0" ci="4" mb="0" cb="0"/><line nr="48" mi="0" ci="9" mb="0" cb="2"/><line nr="52" mi="0" ci="9" mb="0" cb="2"/><line nr="56" mi="0" ci="7" mb="0" cb="2"/><line nr="57" mi="0" ci="3" mb="0" cb="0"/><line nr="58" mi="0" ci="1" mb="0" cb="0"/><line nr="61" mi="0" ci="4" mb="0" cb="0"/><line nr="62" mi="0" ci="4" mb="0" cb="0"/><line nr="63" mi="0" ci="1" mb="0" cb="0"/><line nr="66" mi="0" ci="4" mb="0" cb="0"/><line nr="71" mi="0" ci="2" mb="0" cb="0"/><line nr="72" mi="0" ci="2" mb="0" cb="0"/><line nr="73" mi="0" ci="2" mb="0" cb="0"/><line nr="74" mi="0" ci="2" mb="0" cb="0"/><line nr="75" mi="0" ci="2" mb="0" cb="0"/><line nr="78" mi="0" ci="1" mb="0" cb="0"/><line nr="79" mi="0" ci="1" mb="0" cb="0"/><line nr="82" mi="0" ci="4" mb="0" cb="2"/><line nr="83" mi="0" ci="8" mb="0" cb="0"/><line nr="85" mi="0" ci="4" mb="0" cb="0"/><line nr="88" mi="0" ci="16" mb="0" cb="2"/><line nr="89" mi="0" ci="5" mb="1" cb="1"/><line nr="90" mi="0" ci="9" mb="0" cb="0"/><line nr="92" mi="0" ci="5" mb="1" cb="1"/><line nr="93" mi="0" ci="9" mb="0" cb="0"/><line nr="98" mi="0" ci="4" mb="1" cb="1"/><line nr="99" mi="0" ci="6" mb="0" cb="0"/><line nr="101" mi="0" ci="4" mb="1" cb="1"/><line nr="102" mi="0" ci="5" mb="0" cb="0"/><line nr="104" mi="0" ci="4" mb="1" cb="1"/><line nr="105" mi="0" ci="5" mb="0" cb="0"/><line nr="107" mi="0" ci="4" mb="1" cb="1"/><line nr="108" mi="0" ci="6" mb="0" cb="0"/><line nr="110" mi="0" ci="4" mb="1" cb="1"/><line nr="111" mi="0" ci="6" mb="0" cb="0"/><line nr="113" mi="1" ci="0" mb="0" cb="0"/><line nr="115" mi="0" ci="1" mb="0" cb="0"/><line nr="116" mi="0" ci="1" mb="0" cb="0"/><line nr="121" mi="0" ci="3" mb="0" cb="0"/><line nr="122" mi="0" ci="5" mb="2" cb="2"/><line nr="123" mi="3" ci="0" mb="0" cb="0"/><line nr="127" mi="0" ci="4" mb="0" cb="0"/><line nr="130" mi="0" ci="16" mb="0" cb="2"/><line nr="131" mi="0" ci="9" mb="0" cb="0"/><line nr="132" mi="0" ci="9" mb="0" cb="0"/><line nr="136" mi="0" ci="6" mb="0" cb="0"/><line nr="137" mi="0" ci="5" mb="0" cb="0"/><line nr="138" mi="0" ci="5" mb="0" cb="0"/><line nr="139" mi="0" ci="6" mb="0" cb="0"/><line nr="140" mi="0" ci="6" mb="0" cb="0"/><line nr="143" mi="0" ci="8" mb="0" cb="0"/><line nr="144" mi="0" ci="3" mb="0" cb="0"/><line nr="146" mi="1" ci="0" mb="0" cb="0"/><line nr="147" mi="2" ci="0" mb="0" cb="0"/><line nr="148" mi="0" ci="1" mb="0" cb="0"/><line nr="149" mi="0" ci="1" mb="0" cb="0"/><line nr="152" mi="0" ci="4" mb="0" cb="0"/><line nr="153" mi="0" ci="5" mb="0" cb="0"/><line nr="155" mi="0" ci="4" mb="0" cb="0"/><line nr="156" mi="0" ci="5" mb="0" cb="0"/><line nr="158" mi="0" ci="4" mb="0" cb="0"/><line nr="159" mi="0" ci="5" mb="0" cb="0"/><line nr="161" mi="0" ci="4" mb="0" cb="0"/><line nr="162" mi="0" ci="5" mb="0" cb="0"/><line nr="164" mi="0" ci="4" mb="0" cb="0"/><line nr="165" mi="0" ci="5" mb="0" cb="0"/><line nr="168" mi="0" ci="4" mb="0" cb="0"/><line nr="169" mi="0" ci="4" mb="0" cb="0"/><line nr="170" mi="0" ci="4" mb="0" cb="0"/><line nr="171" mi="0" ci="4" mb="0" cb="0"/><line nr="172" mi="0" ci="4" mb="0" cb="0"/><line nr="175" mi="0" ci="2" mb="0" cb="0"/><line nr="176" mi="0" ci="3" mb="0" cb="0"/><line nr="178" mi="0" ci="2" mb="0" cb="0"/><line nr="179" mi="0" ci="3" mb="0" cb="0"/><line nr="181" mi="0" ci="2" mb="0" cb="0"/><line nr="182" mi="0" ci="3" mb="0" cb="0"/><line nr="184" mi="0" ci="2" mb="0" cb="0"/><line nr="185" mi="0" ci="7" mb="0" cb="0"/><line nr="187" mi="0" ci="2" mb="0" cb="0"/><line nr="188" mi="0" ci="7" mb="0" cb="0"/><line nr="193" mi="0" ci="4" mb="0" cb="0"/><line nr="194" mi="0" ci="6" mb="0" cb="0"/><line nr="195" mi="0" ci="5" mb="0" cb="0"/><line nr="196" mi="0" ci="1" mb="0" cb="0"/><line nr="197" mi="0" ci="2" mb="0" cb="0"/><line nr="204" mi="0" ci="4" mb="0" cb="0"/><line nr="205" mi="0" ci="6" mb="0" cb="0"/><line nr="206" mi="0" ci="1" mb="0" cb="0"/><line nr="207" mi="0" ci="2" mb="0" cb="0"/><line nr="213" mi="0" ci="4" mb="0" cb="0"/><line nr="214" mi="0" ci="6" mb="0" cb="0"/><line nr="215" mi="0" ci="1" mb="0" cb="0"/><line nr="216" mi="0" ci="2" mb="0" cb="0"/><line nr="222" mi="0" ci="2" mb="0" cb="0"/><line nr="223" mi="0" ci="5" mb="0" cb="2"/><line nr="224" mi="0" ci="5" mb="0" cb="2"/><line nr="225" mi="0" ci="2" mb="0" cb="0"/><line nr="230" mi="0" ci="2" mb="0" cb="0"/><line nr="231" mi="0" ci="8" mb="0" cb="0"/><line nr="239" mi="0" ci="16" mb="0" cb="2"/><line nr="240" mi="0" ci="2" mb="0" cb="0"/><line nr="244" mi="0" ci="2" mb="0" cb="0"/><line nr="245" mi="0" ci="2" mb="0" cb="0"/><line nr="246" mi="0" ci="2" mb="0" cb="0"/><line nr="247" mi="0" ci="2" mb="0" cb="0"/><line nr="248" mi="0" ci="2" mb="0" cb="0"/><line nr="249" mi="0" ci="1" mb="0" cb="0"/><counter type="INSTRUCTION" missed="10" covered="545"/><counter type="BRANCH" missed="9" covered="27"/><counter type="LINE" missed="5" covered="122"/><counter type="COMPLEXITY" missed="10" covered="54"/><counter type="METHOD" missed="1" covered="45"/><counter type="CLASS" missed="0" covered="3"/></sourcefile><sourcefile name="ShapeType.java"><line nr="5" mi="0" ci="3" mb="0" cb="0"/><line nr="6" mi="0" ci="334" mb="0" cb="0"/><line nr="13" mi="0" ci="334" mb="0" cb="0"/><line nr="20" mi="0" ci="334" mb="0" cb="0"/><line nr="27" mi="0" ci="334" mb="0" cb="0"/><line nr="34" mi="0" ci="334" mb="0" cb="0"/><line nr="41" mi="0" ci="334" mb="0" cb="0"/><line nr="48" mi="0" ci="334" mb="0" cb="0"/><line nr="55" mi="0" ci="334" mb="0" cb="0"/><line nr="69" mi="0" ci="4" mb="0" cb="0"/><line nr="70" mi="0" ci="3" mb="0" cb="0"/><line nr="71" mi="0" ci="3" mb="0" cb="0"/><line nr="72" mi="0" ci="3" mb="0" cb="0"/><line nr="73" mi="0" ci="3" mb="0" cb="0"/><line nr="74" mi="0" ci="1" mb="0" cb="0"/><line nr="77" mi="0" ci="7" mb="0" cb="0"/><line nr="78" mi="0" ci="4" mb="0" cb="0"/><line nr="79" mi="0" ci="24" mb="0" cb="2"/><line nr="80" mi="0" ci="2" mb="0" cb="0"/><line nr="87" mi="3" ci="5" mb="1" cb="1"/><line nr="94" mi="3" ci="0" mb="0" cb="0"/><line nr="101" mi="3" ci="0" mb="0" cb="0"/><line nr="111" mi="0" ci="9" mb="0" cb="0"/><counter type="INSTRUCTION" missed="9" covered="2743"/><counter type="BRANCH" missed="1" covered="3"/><counter type="LINE" missed="2" covered="21"/><counter type="COMPLEXITY" missed="3" covered="6"/><counter type="METHOD" missed="2" covered="5"/><counter type="CLASS" missed="0" covered="1"/></sourcefile><sourcefile name="Difficulty.java"><line nr="3" mi="0" ci="3" mb="0" cb="0"/><line nr="4" mi="0" ci="6" mb="0" cb="0"/><line nr="5" mi="0" ci="6" mb="0" cb="0"/><line nr="6" mi="0" ci="6" mb="0" cb="0"/><counter type="INSTRUCTION" missed="0" covered="21"/><counter type="LINE" missed="0" covered="4"/><counter type="COMPLEXITY" missed="0" covered="1"/><counter type="METHOD" missed="0" covered="1"/><counter type="CLASS" missed="0" covered="1"/></sourcefile><sourcefile name="Tetromino.java"><line nr="9" mi="0" ci="2" mb="0" cb="0"/><line nr="10" mi="0" ci="3" mb="0" cb="0"/><line nr="11" mi="0" ci="6" mb="0" cb="0"/><line nr="12" mi="0" ci="3" mb="0" cb="0"/><line nr="13" mi="0" ci="2" mb="1" cb="1"/><line nr="14" mi="0" ci="6" mb="0" cb="0"/><line nr="16" mi="0" ci="1" mb="0" cb="0"/><line nr="18" mi="0" ci="13" mb="0" cb="0"/><line nr="21" mi="0" ci="10" mb="0" cb="0"/><line nr="22" mi="0" ci="8" mb="0" cb="0"/><line nr="23" mi="0" ci="7" mb="0" cb="0"/><line nr="24" mi="0" ci="2" mb="0" cb="0"/><line nr="28" mi="0" ci="8" mb="0" cb="0"/><line nr="29" mi="0" ci="7" mb="0" cb="0"/><line nr="30" mi="0" ci="1" mb="0" cb="0"/><line nr="33" mi="0" ci="3" mb="0" cb="0"/><line nr="34" mi="0" ci="1" mb="0" cb="0"/><line nr="36" mi="0" ci="3" mb="0" cb="0"/><line nr="37" mi="0" ci="3" mb="0" cb="0"/><line nr="38" mi="0" ci="3" mb="0" cb="0"/><line nr="39" mi="0" ci="3" mb="0" cb="0"/><line nr="40" mi="0" ci="3" mb="0" cb="0"/><counter type="INSTRUCTION" missed="0" covered="98"/><counter type="BRANCH" missed="1" covered="1"/><counter type="LINE" missed="0" covered="22"/><counter type="COMPLEXITY" missed="1" covered="10"/><counter type="METHOD" missed="0" covered="10"/><counter type="CLASS" missed="0" covered="1"/></sourcefile><sourcefile name="Position.java"><line nr="7" mi="0" ci="2" mb="0" cb="0"/><line nr="8" mi="0" ci="3" mb="0" cb="0"/><line nr="9" mi="0" ci="3" mb="0" cb="0"/><line nr="10" mi="0" ci="1" mb="0" cb="0"/><line nr="13" mi="0" ci="12" mb="0" cb="0"/><line nr="18" mi="0" ci="6" mb="0" cb="0"/><counter type="INSTRUCTION" missed="0" covered="27"/><counter type="LINE" missed="0" covered="6"/><counter type="COMPLEXITY" missed="0" covered="3"/><counter type="METHOD" missed="0" covered="3"/><counter type="CLASS" missed="0" covered="1"/></sourcefile><sourcefile name="PendingLines.java"><line nr="8" mi="0" ci="2" mb="0" cb="0"/><line nr="9" mi="0" ci="3" mb="0" cb="0"/><line nr="10" mi="0" ci="6" mb="0" cb="0"/><line nr="16" mi="0" ci="6" mb="0" cb="0"/><line nr="17" mi="0" ci="1" mb="0" cb="0"/><line nr="23" mi="0" ci="7" mb="0" cb="2"/><line nr="30" mi="0" ci="3" mb="0" cb="0"/><line nr="39" mi="0" ci="7" mb="0" cb="4"/><line nr="41" mi="0" ci="3" mb="0" cb="0"/><line nr="42" mi="0" ci="3" mb="0" cb="0"/><line nr="45" mi="0" ci="7" mb="0" cb="2"/><line nr="47" mi="0" ci="7" mb="0" cb="2"/><line nr="48" mi="0" ci="6" mb="0" cb="2"/><line nr="50" mi="0" ci="2" mb="0" cb="0"/><line nr="55" mi="0" ci="7" mb="0" cb="2"/><line nr="56" mi="0" ci="12" mb="0" cb="0"/><line nr="60" mi="0" ci="5" mb="0" cb="0"/><line nr="61" mi="0" ci="7" mb="0" cb="2"/><line nr="62" mi="0" ci="3" mb="0" cb="2"/><line nr="63" mi="0" ci="7" mb="0" cb="0"/><line nr="66" mi="0" ci="6" mb="0" cb="0"/><line nr="71" mi="0" ci="2" mb="0" cb="0"/><line nr="78" mi="0" ci="3" mb="0" cb="0"/><line nr="79" mi="0" ci="1" mb="0" cb="0"/><counter type="INSTRUCTION" missed="0" covered="116"/><counter type="BRANCH" missed="0" covered="18"/><counter type="LINE" missed="0" covered="24"/><counter type="COMPLEXITY" missed="0" covered="15"/><counter type="METHOD" missed="0" covered="6"/><counter type="CLASS" missed="0" covered="1"/></sourcefile><sourcefile name="Board.java"><line nr="15" mi="0" ci="5" mb="0" cb="0"/><line nr="16" mi="0" ci="5" mb="0" cb="0"/><line nr="17" mi="0" ci="5" mb="0" cb="0"/><line nr="24" mi="0" ci="3" mb="0" cb="0"/><line nr="27" mi="0" ci="3" mb="0" cb="0"/><line nr="28" mi="0" ci="3" mb="0" cb="0"/><line nr="29" mi="0" ci="3" mb="0" cb="0"/><line nr="36" mi="0" ci="3" mb="0" cb="0"/><line nr="39" mi="0" ci="3" mb="0" cb="0"/><line nr="40" mi="0" ci="3" mb="0" cb="0"/><line nr="44" mi="0" ci="3" mb="0" cb="0"/><line nr="47" mi="0" ci="3" mb="0" cb="0"/><line nr="50" mi="0" ci="3" mb="0" cb="0"/><line nr="51" mi="0" ci="5" mb="0" cb="0"/><line nr="52" mi="0" ci="5" mb="0" cb="0"/><line nr="55" mi="0" ci="4" mb="0" cb="0"/><line nr="56" mi="0" ci="1" mb="0" cb="0"/><line nr="58" mi="0" ci="2" mb="0" cb="0"/><line nr="59" mi="0" ci="3" mb="0" cb="0"/><line nr="60" mi="0" ci="3" mb="0" cb="0"/><line nr="61" mi="0" ci="6" mb="0" cb="0"/><line nr="62" mi="0" ci="2" mb="0" cb="0"/><line nr="63" mi="0" ci="2" mb="0" cb="0"/><line nr="64" mi="0" ci="4" mb="0" cb="0"/><line nr="65" mi="0" ci="2" mb="0" cb="0"/><line nr="66" mi="0" ci="1" mb="0" cb="0"/><line nr="71" mi="0" ci="9" mb="0" cb="2"/><line nr="72" mi="0" ci="5" mb="0" cb="0"/><line nr="75" mi="0" ci="6" mb="0" cb="0"/><line nr="77" mi="0" ci="6" mb="1" cb="3"/><line nr="78" mi="0" ci="7" mb="0" cb="0"/><line nr="79" mi="0" ci="7" mb="0" cb="0"/><line nr="80" mi="0" ci="6" mb="0" cb="0"/><line nr="82" mi="0" ci="1" mb="0" cb="0"/><line nr="86" mi="0" ci="6" mb="1" cb="2"/><line nr="87" mi="0" ci="4" mb="0" cb="0"/><line nr="88" mi="0" ci="3" mb="0" cb="0"/><line nr="90" mi="0" ci="1" mb="0" cb="0"/><line nr="95" mi="0" ci="3" mb="1" cb="1"/><line nr="96" mi="6" ci="0" mb="0" cb="0"/><line nr="97" mi="2" ci="0" mb="0" cb="0"/><line nr="100" mi="0" ci="2" mb="0" cb="0"/><line nr="101" mi="0" ci="23" mb="0" cb="4"/><line nr="102" mi="2" ci="4" mb="1" cb="1"/><line nr="105" mi="0" ci="7" mb="0" cb="0"/><line nr="106" mi="0" ci="18" mb="0" cb="4"/><line nr="107" mi="0" ci="4" mb="0" cb="0"/><line nr="108" mi="0" ci="1" mb="0" cb="0"/><line nr="113" mi="1" ci="3" mb="1" cb="1"/><line nr="117" mi="0" ci="3" mb="1" cb="1"/><line nr="118" mi="4" ci="0" mb="0" cb="0"/><line nr="119" mi="4" ci="0" mb="0" cb="0"/><line nr="120" mi="4" ci="0" mb="0" cb="0"/><line nr="122" mi="2" ci="7" mb="1" cb="1"/><line nr="123" mi="0" ci="3" mb="0" cb="0"/><line nr="126" mi="0" ci="2" mb="1" cb="1"/><line nr="127" mi="2" ci="0" mb="0" cb="0"/><line nr="130" mi="0" ci="8" mb="0" cb="0"/><line nr="133" mi="3" ci="6" mb="1" cb="1"/><line nr="134" mi="5" ci="0" mb="0" cb="0"/><line nr="138" mi="0" ci="4" mb="0" cb="0"/><line nr="141" mi="6" ci="3" mb="5" cb="1"/><line nr="142" mi="4" ci="0" mb="0" cb="0"/><line nr="143" mi="2" ci="0" mb="2" cb="0"/><line nr="144" mi="3" ci="0" mb="0" cb="0"/><line nr="146" mi="3" ci="0" mb="0" cb="0"/><line nr="149" mi="0" ci="7" mb="0" cb="2"/><line nr="150" mi="0" ci="3" mb="0" cb="0"/><line nr="152" mi="0" ci="1" mb="0" cb="0"/><line nr="156" mi="1" ci="3" mb="1" cb="1"/><line nr="159" mi="3" ci="6" mb="1" cb="1"/><line nr="160" mi="3" ci="0" mb="2" cb="0"/><line nr="161" mi="3" ci="0" mb="0" cb="0"/><line nr="162" mi="1" ci="0" mb="0" cb="0"/><line nr="166" mi="0" ci="12" mb="1" cb="1"/><line nr="167" mi="0" ci="1" mb="0" cb="0"/><line nr="170" mi="1" ci="3" mb="1" cb="1"/><line nr="173" mi="3" ci="6" mb="1" cb="1"/><line nr="174" mi="3" ci="0" mb="2" cb="0"/><line nr="175" mi="3" ci="0" mb="0" cb="0"/><line nr="176" mi="1" ci="0" mb="0" cb="0"/><line nr="180" mi="0" ci="12" mb="1" cb="1"/><line nr="181" mi="0" ci="1" mb="0" cb="0"/><line nr="185" mi="2" ci="3" mb="1" cb="1"/><line nr="188" mi="0" ci="9" mb="0" cb="2"/><line nr="189" mi="0" ci="9" mb="0" cb="0"/><line nr="192" mi="0" ci="7" mb="0" cb="2"/><line nr="193" mi="0" ci="5" mb="0" cb="0"/><line nr="194" mi="0" ci="3" mb="0" cb="0"/><line nr="197" mi="0" ci="9" mb="0" cb="2"/><line nr="198" mi="0" ci="3" mb="1" cb="1"/><line nr="199" mi="3" ci="0" mb="0" cb="0"/><line nr="200" mi="3" ci="0" mb="0" cb="0"/><line nr="204" mi="0" ci="2" mb="0" cb="0"/><line nr="207" mi="0" ci="4" mb="1" cb="1"/><line nr="208" mi="3" ci="0" mb="0" cb="0"/><line nr="209" mi="2" ci="0" mb="0" cb="0"/><line nr="210" mi="2" ci="0" mb="0" cb="0"/><line nr="214" mi="0" ci="2" mb="0" cb="0"/><line nr="215" mi="0" ci="3" mb="0" cb="0"/><line nr="216" mi="0" ci="3" mb="0" cb="2"/><line nr="218" mi="0" ci="8" mb="0" cb="0"/><line nr="220" mi="0" ci="2" mb="0" cb="0"/><line nr="222" mi="0" ci="2" mb="0" cb="0"/><line nr="228" mi="1" ci="3" mb="1" cb="1"/><line nr="229" mi="0" ci="2" mb="0" cb="0"/><line nr="232" mi="0" ci="4" mb="0" cb="2"/><line nr="234" mi="0" ci="18" mb="0" cb="2"/><line nr="235" mi="0" ci="7" mb="0" cb="0"/><line nr="238" mi="0" ci="14" mb="0" cb="2"/><line nr="239" mi="0" ci="5" mb="2" cb="2"/><line nr="240" mi="0" ci="7" mb="0" cb="2"/><line nr="241" mi="0" ci="7" mb="0" cb="0"/><line nr="248" mi="0" ci="2" mb="0" cb="0"/><line nr="249" mi="0" ci="7" mb="0" cb="2"/><line nr="250" mi="0" ci="5" mb="0" cb="0"/><line nr="251" mi="0" ci="2" mb="0" cb="0"/><line nr="254" mi="0" ci="4" mb="0" cb="0"/><line nr="255" mi="0" ci="5" mb="0" cb="0"/><line nr="256" mi="0" ci="2" mb="0" cb="0"/><line nr="257" mi="0" ci="1" mb="0" cb="0"/><line nr="261" mi="0" ci="7" mb="0" cb="2"/><line nr="262" mi="0" ci="5" mb="0" cb="0"/><line nr="263" mi="0" ci="2" mb="0" cb="0"/><line nr="265" mi="0" ci="5" mb="0" cb="0"/><line nr="266" mi="0" ci="3" mb="0" cb="0"/><line nr="267" mi="0" ci="1" mb="0" cb="0"/><line nr="270" mi="1" ci="3" mb="1" cb="1"/><line nr="273" mi="0" ci="4" mb="1" cb="1"/><line nr="274" mi="3" ci="0" mb="0" cb="0"/><line nr="275" mi="1" ci="0" mb="0" cb="0"/><line nr="278" mi="0" ci="4" mb="0" cb="0"/><line nr="279" mi="0" ci="6" mb="1" cb="1"/><line nr="280" mi="0" ci="3" mb="0" cb="0"/><line nr="283" mi="0" ci="2" mb="0" cb="0"/><line nr="285" mi="0" ci="1" mb="0" cb="0"/><line nr="288" mi="3" ci="6" mb="1" cb="1"/><line nr="289" mi="6" ci="0" mb="0" cb="0"/><line nr="290" mi="3" ci="6" mb="1" cb="1"/><line nr="291" mi="5" ci="0" mb="0" cb="0"/><line nr="293" mi="0" ci="1" mb="0" cb="0"/><line nr="297" mi="0" ci="6" mb="0" cb="0"/><line nr="298" mi="0" ci="1" mb="0" cb="0"/><line nr="301" mi="0" ci="13" mb="0" cb="0"/><line nr="302" mi="0" ci="1" mb="0" cb="0"/><line nr="306" mi="0" ci="5" mb="2" cb="2"/><line nr="307" mi="3" ci="0" mb="0" cb="0"/><line nr="308" mi="2" ci="0" mb="0" cb="0"/><line nr="311" mi="0" ci="17" mb="0" cb="2"/><line nr="312" mi="0" ci="8" mb="0" cb="0"/><line nr="313" mi="0" ci="8" mb="0" cb="0"/><line nr="314" mi="0" ci="12" mb="3" cb="5"/><line nr="315" mi="0" ci="9" mb="0" cb="2"/><line nr="317" mi="0" ci="2" mb="0" cb="0"/><line nr="322" mi="2" ci="5" mb="1" cb="1"/><line nr="323" mi="0" ci="4" mb="0" cb="0"/><line nr="325" mi="0" ci="2" mb="1" cb="1"/><line nr="326" mi="6" ci="0" mb="0" cb="0"/><line nr="330" mi="0" ci="3" mb="0" cb="0"/><line nr="331" mi="0" ci="18" mb="0" cb="2"/><line nr="332" mi="0" ci="7" mb="0" cb="0"/><line nr="333" mi="0" ci="7" mb="0" cb="0"/><line nr="334" mi="0" ci="10" mb="4" cb="4"/><line nr="335" mi="0" ci="9" mb="0" cb="0"/><line nr="340" mi="0" ci="2" mb="1" cb="1"/><line nr="341" mi="0" ci="18" mb="0" cb="2"/><line nr="342" mi="0" ci="7" mb="0" cb="0"/><line nr="343" mi="0" ci="7" mb="0" cb="0"/><line nr="344" mi="0" ci="10" mb="4" cb="4"/><line nr="345" mi="0" ci="9" mb="0" cb="0"/><line nr="351" mi="0" ci="2" mb="1" cb="1"/><line nr="352" mi="10" ci="0" mb="2" cb="0"/><line nr="353" mi="6" ci="0" mb="0" cb="0"/><line nr="354" mi="7" ci="0" mb="0" cb="0"/><line nr="355" mi="7" ci="0" mb="0" cb="0"/><line nr="356" mi="10" ci="0" mb="8" cb="0"/><line nr="357" mi="9" ci="0" mb="2" cb="0"/><line nr="359" mi="6" ci="0" mb="0" cb="0"/><line nr="360" mi="7" ci="0" mb="0" cb="0"/><line nr="361" mi="4" ci="0" mb="2" cb="0"/><line nr="363" mi="2" ci="0" mb="2" cb="0"/><line nr="364" mi="3" ci="0" mb="0" cb="0"/><line nr="365" mi="7" ci="0" mb="0" cb="0"/><line nr="367" mi="9" ci="0" mb="2" cb="0"/><line nr="369" mi="4" ci="0" mb="2" cb="0"/><line nr="370" mi="5" ci="0" mb="0" cb="0"/><line nr="371" mi="6" ci="0" mb="0" cb="0"/><line nr="372" mi="4" ci="0" mb="0" cb="0"/><line nr="374" mi="4" ci="0" mb="2" cb="0"/><line nr="376" mi="2" ci="0" mb="2" cb="0"/><line nr="377" mi="3" ci="0" mb="0" cb="0"/><line nr="378" mi="7" ci="0" mb="0" cb="0"/><line nr="382" mi="2" ci="0" mb="2" cb="0"/><line nr="383" mi="6" ci="0" mb="0" cb="0"/><line nr="384" mi="6" ci="0" mb="0" cb="0"/><line nr="392" mi="0" ci="2" mb="1" cb="1"/><line nr="393" mi="3" ci="0" mb="0" cb="0"/><line nr="394" mi="3" ci="0" mb="0" cb="0"/><line nr="396" mi="0" ci="1" mb="0" cb="0"/><line nr="426" mi="0" ci="6" mb="0" cb="2"/><line nr="427" mi="0" ci="14" mb="0" cb="0"/><line nr="429" mi="0" ci="14" mb="0" cb="2"/><line nr="430" mi="0" ci="1" mb="0" cb="0"/><line nr="438" mi="0" ci="4" mb="0" cb="0"/><line nr="439" mi="0" ci="6" mb="0" cb="2"/><line nr="440" mi="0" ci="2" mb="0" cb="0"/><line nr="441" mi="0" ci="7" mb="0" cb="2"/><line nr="442" mi="0" ci="7" mb="0" cb="2"/><line nr="443" mi="0" ci="2" mb="0" cb="0"/><line nr="444" mi="0" ci="1" mb="0" cb="0"/><line nr="447" mi="0" ci="2" mb="0" cb="2"/><line nr="448" mi="0" ci="5" mb="0" cb="0"/><line nr="451" mi="0" ci="2" mb="0" cb="0"/><line nr="458" mi="0" ci="5" mb="0" cb="4"/><line nr="459" mi="0" ci="1" mb="0" cb="0"/><line nr="462" mi="0" ci="3" mb="0" cb="0"/><line nr="463" mi="0" ci="2" mb="0" cb="0"/><line nr="466" mi="0" ci="4" mb="0" cb="0"/><line nr="467" mi="0" ci="16" mb="0" cb="2"/><line nr="468" mi="0" ci="9" mb="3" cb="3"/><line nr="469" mi="0" ci="4" mb="0" cb="0"/><line nr="470" mi="0" ci="1" mb="0" cb="0"/><line nr="473" mi="0" ci="3" mb="0" cb="0"/><line nr="474" mi="0" ci="2" mb="0" cb="0"/><line nr="477" mi="2" ci="4" mb="1" cb="1"/><line nr="478" mi="0" ci="7" mb="1" cb="1"/><line nr="479" mi="0" ci="2" mb="0" cb="0"/><line nr="480" mi="0" ci="1" mb="0" cb="0"/><line nr="485" mi="0" ci="7" mb="0" cb="2"/><line nr="486" mi="0" ci="3" mb="0" cb="2"/><line nr="487" mi="0" ci="5" mb="0" cb="0"/><line nr="489" mi="0" ci="9" mb="0" cb="0"/><line nr="492" mi="0" ci="4" mb="0" cb="0"/><line nr="495" mi="0" ci="2" mb="1" cb="1"/><line nr="496" mi="1" ci="0" mb="0" cb="0"/><line nr="499" mi="0" ci="2" mb="0" cb="0"/><line nr="500" mi="0" ci="6" mb="0" cb="2"/><line nr="501" mi="0" ci="4" mb="0" cb="2"/><line nr="502" mi="0" ci="1" mb="0" cb="0"/><line nr="504" mi="0" ci="3" mb="1" cb="1"/><line nr="505" mi="0" ci="12" mb="0" cb="0"/><line nr="507" mi="0" ci="1" mb="0" cb="0"/><line nr="510" mi="0" ci="6" mb="0" cb="2"/><line nr="511" mi="0" ci="7" mb="0" cb="2"/><line nr="512" mi="0" ci="7" mb="0" cb="0"/><line nr="517" mi="0" ci="5" mb="0" cb="0"/><line nr="518" mi="0" ci="6" mb="0" cb="0"/><line nr="521" mi="3" ci="3" mb="3" cb="1"/><line nr="522" mi="4" ci="0" mb="0" cb="0"/><line nr="523" mi="4" ci="0" mb="2" cb="0"/><line nr="524" mi="3" ci="0" mb="0" cb="0"/><line nr="529" mi="0" ci="3" mb="0" cb="0"/><line nr="530" mi="0" ci="2" mb="0" cb="0"/><line nr="531" mi="0" ci="1" mb="0" cb="0"/><line nr="537" mi="0" ci="3" mb="0" cb="0"/><line nr="538" mi="0" ci="3" mb="0" cb="0"/><line nr="539" mi="0" ci="2" mb="0" cb="0"/><line nr="546" mi="0" ci="5" mb="1" cb="3"/><line nr="547" mi="0" ci="4" mb="0" cb="0"/><line nr="550" mi="0" ci="4" mb="0" cb="0"/><line nr="551" mi="0" ci="16" mb="0" cb="2"/><line nr="552" mi="0" ci="5" mb="2" cb="2"/><line nr="553" mi="0" ci="3" mb="0" cb="0"/><line nr="556" mi="0" ci="4" mb="0" cb="0"/><line nr="557" mi="4" ci="7" mb="1" cb="1"/><line nr="558" mi="4" ci="0" mb="2" cb="0"/><line nr="559" mi="6" ci="0" mb="0" cb="0"/><line nr="561" mi="1" ci="0" mb="0" cb="0"/><line nr="564" mi="0" ci="7" mb="0" cb="2"/><line nr="565" mi="0" ci="5" mb="1" cb="1"/><line nr="566" mi="5" ci="0" mb="0" cb="0"/><line nr="568" mi="0" ci="9" mb="0" cb="0"/><line nr="571" mi="0" ci="4" mb="0" cb="0"/><line nr="574" mi="0" ci="2" mb="0" cb="0"/><line nr="583" mi="0" ci="5" mb="0" cb="4"/><line nr="584" mi="0" ci="3" mb="0" cb="0"/><line nr="586" mi="0" ci="1" mb="0" cb="0"/><line nr="592" mi="0" ci="3" mb="0" cb="0"/><line nr="593" mi="0" ci="3" mb="0" cb="0"/><line nr="594" mi="0" ci="3" mb="0" cb="0"/><line nr="595" mi="0" ci="1" mb="0" cb="0"/><line nr="601" mi="0" ci="3" mb="0" cb="2"/><line nr="602" mi="0" ci="5" mb="0" cb="0"/><line nr="603" mi="0" ci="4" mb="1" cb="1"/><line nr="604" mi="3" ci="0" mb="0" cb="0"/><line nr="605" mi="3" ci="0" mb="0" cb="0"/><line nr="608" mi="0" ci="1" mb="0" cb="0"/><line nr="614" mi="0" ci="3" mb="0" cb="0"/><line nr="621" mi="2" ci="3" mb="1" cb="1"/><line nr="622" mi="0" ci="5" mb="0" cb="0"/><line nr="623" mi="0" ci="6" mb="0" cb="0"/><line nr="634" mi="0" ci="3" mb="0" cb="0"/><line nr="636" mi="0" ci="3" mb="0" cb="0"/><line nr="637" mi="0" ci="3" mb="0" cb="0"/><line nr="638" mi="0" ci="1" mb="0" cb="0"/><line nr="644" mi="0" ci="3" mb="0" cb="0"/><line nr="651" mi="2" ci="7" mb="2" cb="2"/><line nr="653" mi="0" ci="4" mb="0" cb="0"/><line nr="654" mi="0" ci="16" mb="0" cb="2"/><line nr="655" mi="0" ci="7" mb="0" cb="0"/><line nr="656" mi="0" ci="9" mb="0" cb="0"/><line nr="658" mi="2" ci="3" mb="1" cb="1"/><line nr="659" mi="0" ci="7" mb="3" cb="3"/><line nr="660" mi="0" ci="7" mb="1" cb="1"/><line nr="661" mi="2" ci="0" mb="0" cb="0"/><line nr="665" mi="0" ci="2" mb="0" cb="0"/><line nr="669" mi="0" ci="3" mb="0" cb="0"/><line nr="670" mi="0" ci="3" mb="0" cb="0"/><line nr="672" mi="0" ci="3" mb="0" cb="0"/><line nr="673" mi="0" ci="1" mb="0" cb="0"/><line nr="674" mi="0" ci="3" mb="0" cb="0"/><line nr="675" mi="0" ci="3" mb="0" cb="0"/><line nr="676" mi="0" ci="3" mb="0" cb="0"/><line nr="677" mi="0" ci="3" mb="0" cb="0"/><line nr="678" mi="0" ci="3" mb="0" cb="0"/><line nr="681" mi="0" ci="3" mb="0" cb="0"/><line nr="682" mi="0" ci="3" mb="0" cb="0"/><line nr="683" mi="0" ci="3" mb="0" cb="0"/><line nr="684" mi="0" ci="3" mb="0" cb="0"/><line nr="688" mi="0" ci="3" mb="0" cb="0"/><line nr="691" mi="0" ci="4" mb="0" cb="2"/><line nr="692" mi="0" ci="1" mb="0" cb="0"/><line nr="696" mi="0" ci="5" mb="0" cb="0"/><line nr="697" mi="0" ci="3" mb="1" cb="1"/><line nr="698" mi="4" ci="0" mb="0" cb="0"/><line nr="700" mi="11" ci="0" mb="4" cb="0"/><line nr="701" mi="5" ci="0" mb="0" cb="0"/><line nr="702" mi="6" ci="0" mb="0" cb="0"/><line nr="707" mi="0" ci="6" mb="0" cb="0"/><line nr="708" mi="0" ci="6" mb="0" cb="0"/><line nr="709" mi="0" ci="1" mb="0" cb="0"/><line nr="712" mi="0" ci="3" mb="0" cb="0"/><line nr="716" mi="0" ci="3" mb="0" cb="0"/><line nr="720" mi="0" ci="8" mb="1" cb="3"/><line nr="723" mi="0" ci="10" mb="0" cb="2"/><line nr="724" mi="0" ci="15" mb="0" cb="0"/><line nr="728" mi="0" ci="13" mb="1" cb="3"/><line nr="729" mi="0" ci="7" mb="0" cb="0"/><line nr="730" mi="0" ci="6" mb="0" cb="0"/><line nr="732" mi="0" ci="7" mb="0" cb="2"/><line nr="733" mi="0" ci="4" mb="0" cb="2"/><line nr="734" mi="0" ci="8" mb="0" cb="0"/><line nr="736" mi="0" ci="7" mb="0" cb="0"/><line nr="741" mi="0" ci="3" mb="0" cb="0"/><line nr="742" mi="0" ci="3" mb="0" cb="0"/><line nr="745" mi="0" ci="7" mb="1" cb="1"/><line nr="746" mi="3" ci="0" mb="0" cb="0"/><line nr="748" mi="0" ci="1" mb="0" cb="0"/><line nr="752" mi="0" ci="7" mb="0" cb="2"/><line nr="753" mi="0" ci="14" mb="0" cb="2"/><line nr="755" mi="0" ci="3" mb="0" cb="0"/><line nr="756" mi="0" ci="3" mb="0" cb="0"/><line nr="757" mi="0" ci="3" mb="0" cb="0"/><line nr="758" mi="0" ci="3" mb="0" cb="0"/><line nr="759" mi="0" ci="3" mb="0" cb="0"/><line nr="760" mi="0" ci="4" mb="0" cb="0"/><line nr="761" mi="0" ci="3" mb="0" cb="0"/><line nr="762" mi="0" ci="2" mb="0" cb="0"/><line nr="763" mi="0" ci="1" mb="0" cb="0"/><line nr="773" mi="0" ci="3" mb="0" cb="2"/><line nr="776" mi="0" ci="7" mb="0" cb="2"/><line nr="777" mi="0" ci="11" mb="0" cb="0"/><line nr="779" mi="0" ci="1" mb="0" cb="0"/><line nr="781" mi="0" ci="3" mb="0" cb="0"/><line nr="782" mi="0" ci="1" mb="0" cb="0"/><counter type="INSTRUCTION" missed="348" covered="1421"/><counter type="BRANCH" missed="117" covered="180"/><counter type="LINE" missed="71" covered="294"/><counter type="COMPLEXITY" missed="94" covered="104"/><counter type="METHOD" missed="0" covered="48"/><counter type="CLASS" missed="0" covered="1"/></sourcefile><counter type="INSTRUCTION" missed="367" covered="4971"/><counter type="BRANCH" missed="128" covered="229"/><counter type="LINE" missed="78" covered="493"/><counter type="COMPLEXITY" missed="108" covered="193"/><counter type="METHOD" missed="3" covered="118"/><counter type="CLASS" missed="0" covered="9"/></package><package name="screens"><class name="screens/NameInputScreen$2" sourcefilename="NameInputScreen.java"><method name="&lt;init&gt;" desc="(Lscreens/NameInputScreen;)V" line="90"><counter type="INSTRUCTION" missed="0" covered="6"/><counter type="LINE" missed="0" covered="1"/><counter type="COMPLEXITY" missed="0" covered="1"/><counter type="METHOD" missed="0" covered="1"/></method><method name="replace" desc="(Ljavax/swing/text/DocumentFilter$FilterBypass;IILjava/lang/String;Ljavax/swing/text/AttributeSet;)V" line="94"><counter type="INSTRUCTION" missed="0" covered="26"/><counter type="BRANCH" missed="1" covered="3"/><counter type="LINE" missed="0" covered="4"/><counter type="COMPLEXITY" missed="1" covered="2"/><counter type="METHOD" missed="0" covered="1"/></method><counter type="INSTRUCTION" missed="0" covered="32"/><counter type="BRANCH" missed="1" covered="3"/><counter type="LINE" missed="0" covered="5"/><counter type="COMPLEXITY" missed="1" covered="3"/><counter type="METHOD" missed="0" covered="2"/><counter type="CLASS" missed="0" covered="1"/></class><class name="screens/NameInputScreen$1" sourcefilename="NameInputScreen.java"><method name="&lt;init&gt;" desc="(Lscreens/NameInputScreen;)V" line="65"><counter type="INSTRUCTION" missed="0" covered="6"/><counter type="LINE" missed="0" covered="1"/><counter type="COMPLEXITY" missed="0" covered="1"/><counter type="METHOD" missed="0" covered="1"/></method><method name="windowClosing" desc="(Ljava/awt/event/WindowEvent;)V" line="68"><counter type="INSTRUCTION" missed="20" covered="0"/><counter type="LINE" missed="3" covered="0"/><counter type="COMPLEXITY" missed="1" covered="0"/><counter type="METHOD" missed="1" covered="0"/></method><counter type="INSTRUCTION" missed="20" covered="6"/><counter type="LINE" missed="3" covered="1"/><counter type="COMPLEXITY" missed="1" covered="1"/><counter type="METHOD" missed="1" covered="1"/><counter type="CLASS" missed="0" covered="1"/></class><class name="screens/ImageButtonUtils" sourcefilename="ImageButtonUtils.java"><method name="&lt;init&gt;" desc="()V" line="14"><counter type="INSTRUCTION" missed="3" covered="0"/><counter type="LINE" missed="1" covered="0"/><counter type="COMPLEXITY" missed="1" covered="0"/><counter type="METHOD" missed="1" covered="0"/></method><method name="loadImage" desc="(Ljava/lang/String;)Ljava/awt/image/BufferedImage;" line="20"><counter type="INSTRUCTION" missed="13" covered="49"/><counter type="BRANCH" missed="3" covered="7"/><counter type="LINE" missed="4" covered="11"/><counter type="COMPLEXITY" missed="3" covered="3"/><counter type="METHOD" missed="0" covered="1"/></method><method name="createImageButton" desc="(Ljava/lang/String;II)Ljavax/swing/JButton;" line="50"><counter type="INSTRUCTION" missed="0" covered="26"/><counter type="LINE" missed="0" covered="7"/><counter type="COMPLEXITY" missed="0" covered="1"/><counter type="METHOD" missed="0" covered="1"/></method><counter type="INSTRUCTION" missed="16" covered="75"/><counter type="BRANCH" missed="3" covered="7"/><counter type="LINE" missed="5" covered="18"/><counter type="COMPLEXITY" missed="4" covered="4"/><counter type="METHOD" missed="1" covered="2"/><counter type="CLASS" missed="0" covered="1"/></class><class name="screens/P2PBattlePanel$1" sourcefilename="P2PBattlePanel.java"><method name="&lt;init&gt;" desc="(Lscreens/P2PBattlePanel;)V" line="120"><counter type="INSTRUCTION" missed="0" covered="6"/><counter type="LINE" missed="0" covered="1"/><counter type="COMPLEXITY" missed="0" covered="1"/><counter type="METHOD" missed="0" covered="1"/></method><method name="keyPressed" desc="(Ljava/awt/event/KeyEvent;)V" line="123"><counter type="INSTRUCTION" missed="5" covered="0"/><counter type="LINE" missed="2" covered="0"/><counter type="COMPLEXITY" missed="1" covered="0"/><counter type="METHOD" missed="1" covered="0"/></method><counter type="INSTRUCTION" missed="5" covered="6"/><counter type="LINE" missed="2" covered="1"/><counter type="COMPLEXITY" missed="1" covered="1"/><counter type="METHOD" missed="1" covered="1"/><counter type="CLASS" missed="0" covered="1"/></class><class name="screens/P2PBattlePanel" sourcefilename="P2PBattlePanel.java"><method name="&lt;init&gt;" desc="(Lcore/Difficulty;ZZZ)V" line="30"><counter type="INSTRUCTION" missed="0" covered="339"/><counter type="LINE" missed="0" covered="73"/><counter type="COMPLEXITY" missed="0" covered="1"/><counter type="METHOD" missed="0" covered="1"/></method><method name="checkNetworkStatus" desc="()V" line="213"><counter type="INSTRUCTION" missed="12" covered="34"/><counter type="BRANCH" missed="3" covered="3"/><counter type="LINE" missed="4" covered="8"/><counter type="COMPLEXITY" missed="3" covered="1"/><counter type="METHOD" missed="0" covered="1"/></method><method name="checkBlockPlacement" desc="()V" line="243"><counter type="INSTRUCTION" missed="11" covered="12"/><counter type="BRANCH" missed="3" covered="1"/><counter type="LINE" missed="3" covered="4"/><counter type="COMPLEXITY" missed="2" covered="1"/><counter type="METHOD" missed="0" covered="1"/></method><method name="handleKeyPress" desc="(Ljava/awt/event/KeyEvent;)V" line="262"><counter type="INSTRUCTION" missed="99" covered="0"/><counter type="BRANCH" missed="22" covered="0"/><counter type="LINE" missed="28" covered="0"/><counter type="COMPLEXITY" missed="12" covered="0"/><counter type="METHOD" missed="1" covered="0"/></method><method name="checkFlashing" desc="(Lcore/Board;Z)V" line="308"><counter type="INSTRUCTION" missed="75" covered="6"/><counter type="BRANCH" missed="15" covered="1"/><counter type="LINE" missed="19" covered="3"/><counter type="COMPLEXITY" missed="8" covered="1"/><counter type="METHOD" missed="0" covered="1"/></method><method name="togglePause" desc="()V" line="356"><counter type="INSTRUCTION" missed="49" covered="0"/><counter type="BRANCH" missed="10" covered="0"/><counter type="LINE" missed="12" covered="0"/><counter type="COMPLEXITY" missed="6" covered="0"/><counter type="METHOD" missed="1" covered="0"/></method><method name="showPauseMenu" desc="()V" line="380"><counter type="INSTRUCTION" missed="230" covered="0"/><counter type="BRANCH" missed="2" covered="0"/><counter type="LINE" missed="38" covered="0"/><counter type="COMPLEXITY" missed="2" covered="0"/><counter type="METHOD" missed="1" covered="0"/></method><method name="handlePauseKeyPress" desc="(Ljava/awt/event/KeyEvent;)V" line="472"><counter type="INSTRUCTION" missed="39" covered="0"/><counter type="BRANCH" missed="8" covered="0"/><counter type="LINE" missed="9" covered="0"/><counter type="COMPLEXITY" missed="6" covered="0"/><counter type="METHOD" missed="1" covered="0"/></method><method name="updatePauseButtonHighlight" desc="()V" line="493"><counter type="INSTRUCTION" missed="44" covered="0"/><counter type="BRANCH" missed="4" covered="0"/><counter type="LINE" missed="7" covered="0"/><counter type="COMPLEXITY" missed="3" covered="0"/><counter type="METHOD" missed="1" covered="0"/></method><method name="checkWinner" desc="()V" line="505"><counter type="INSTRUCTION" missed="105" covered="0"/><counter type="BRANCH" missed="18" covered="0"/><counter type="LINE" missed="32" covered="0"/><counter type="COMPLEXITY" missed="10" covered="0"/><counter type="METHOD" missed="1" covered="0"/></method><method name="showGameOver" desc="()V" line="550"><counter type="INSTRUCTION" missed="0" covered="4"/><counter type="LINE" missed="0" covered="2"/><counter type="COMPLEXITY" missed="0" covered="1"/><counter type="METHOD" missed="0" covered="1"/></method><method name="updateGameOverButtonHighlight" desc="()V" line="638"><counter type="INSTRUCTION" missed="29" covered="40"/><counter type="BRANCH" missed="3" covered="3"/><counter type="LINE" missed="6" covered="9"/><counter type="COMPLEXITY" missed="3" covered="1"/><counter type="METHOD" missed="0" covered="1"/></method><method name="returnToMenu" desc="()V" line="659"><counter type="INSTRUCTION" missed="23" covered="0"/><counter type="BRANCH" missed="2" covered="0"/><counter type="LINE" missed="10" covered="0"/><counter type="COMPLEXITY" missed="2" covered="0"/><counter type="METHOD" missed="1" covered="0"/></method><method name="sendBoardState" desc="()V" line="680"><counter type="INSTRUCTION" missed="7" covered="136"/><counter type="BRANCH" missed="2" covered="10"/><counter type="LINE" missed="1" covered="27"/><counter type="COMPLEXITY" missed="2" covered="5"/><counter type="METHOD" missed="0" covered="1"/></method><method name="sendAttackPattern" desc="(Ljava/util/List;)V" line="725"><counter type="INSTRUCTION" missed="5" covered="88"/><counter type="BRANCH" missed="2" covered="10"/><counter type="LINE" missed="1" covered="16"/><counter type="COMPLEXITY" missed="2" covered="5"/><counter type="METHOD" missed="0" covered="1"/></method><method name="handleNetworkMessage" desc="(Ljava/lang/String;)V" line="754"><counter type="INSTRUCTION" missed="93" covered="49"/><counter type="BRANCH" missed="22" covered="8"/><counter type="LINE" missed="25" covered="15"/><counter type="COMPLEXITY" missed="14" covered="2"/><counter type="METHOD" missed="0" covered="1"/></method><method name="updateEnemyBoard" desc="(Ljava/lang/String;)V" line="840"><counter type="INSTRUCTION" missed="206" covered="115"/><counter type="BRANCH" missed="32" covered="11"/><counter type="LINE" missed="53" covered="19"/><counter type="COMPLEXITY" missed="21" covered="3"/><counter type="METHOD" missed="0" covered="1"/></method><method name="sendChat" desc="()V" line="957"><counter type="INSTRUCTION" missed="0" covered="26"/><counter type="BRANCH" missed="0" covered="2"/><counter type="LINE" missed="0" covered="8"/><counter type="COMPLEXITY" missed="0" covered="2"/><counter type="METHOD" missed="0" covered="1"/></method><method name="parseAttackPattern" desc="(Ljava/lang/String;)Ljava/util/List;" line="973"><counter type="INSTRUCTION" missed="2" covered="95"/><counter type="BRANCH" missed="3" covered="9"/><counter type="LINE" missed="1" covered="15"/><counter type="COMPLEXITY" missed="3" covered="4"/><counter type="METHOD" missed="0" covered="1"/></method><method name="paintComponent" desc="(Ljava/awt/Graphics;)V" line="1002"><counter type="INSTRUCTION" missed="8" covered="143"/><counter type="BRANCH" missed="3" covered="3"/><counter type="LINE" missed="2" covered="26"/><counter type="COMPLEXITY" missed="3" covered="1"/><counter type="METHOD" missed="0" covered="1"/></method><method name="fillCell" desc="(Ljava/awt/Graphics2D;IILjava/awt/Color;)V" line="1050"><counter type="INSTRUCTION" missed="0" covered="34"/><counter type="LINE" missed="0" covered="7"/><counter type="COMPLEXITY" missed="0" covered="1"/><counter type="METHOD" missed="0" covered="1"/></method><method name="drawBoard" desc="(Ljava/awt/Graphics2D;Lcore/Board;[I)V" line="1059"><counter type="INSTRUCTION" missed="35" covered="30"/><counter type="BRANCH" missed="8" covered="6"/><counter type="LINE" missed="6" covered="8"/><counter type="COMPLEXITY" missed="5" covered="3"/><counter type="METHOD" missed="0" covered="1"/></method><method name="drawCurrent" desc="(Ljava/awt/Graphics2D;Lcore/Board;)V" line="1082"><counter type="INSTRUCTION" missed="136" covered="63"/><counter type="BRANCH" missed="25" covered="9"/><counter type="LINE" missed="24" covered="11"/><counter type="COMPLEXITY" missed="16" covered="2"/><counter type="METHOD" missed="0" covered="1"/></method><method name="drawGrid" desc="(Ljava/awt/Graphics2D;)V" line="1134"><counter type="INSTRUCTION" missed="0" covered="49"/><counter type="BRANCH" missed="0" covered="4"/><counter type="LINE" missed="0" covered="6"/><counter type="COMPLEXITY" missed="0" covered="3"/><counter type="METHOD" missed="0" covered="1"/></method><method name="drawSidebar" desc="(Ljava/awt/Graphics2D;Lcore/Board;ILjava/lang/String;)V" line="1144"><counter type="INSTRUCTION" missed="208" covered="216"/><counter type="BRANCH" missed="10" covered="10"/><counter type="LINE" missed="30" covered="38"/><counter type="COMPLEXITY" missed="7" covered="4"/><counter type="METHOD" missed="0" covered="1"/></method><method name="drawNextPreview" desc="(Ljava/awt/Graphics2D;IILcore/Board;)V" line="1246"><counter type="INSTRUCTION" missed="0" covered="170"/><counter type="BRANCH" missed="1" covered="5"/><counter type="LINE" missed="0" covered="24"/><counter type="COMPLEXITY" missed="1" covered="3"/><counter type="METHOD" missed="0" covered="1"/></method><method name="drawItemPreview" desc="(Ljava/awt/Graphics2D;IILitems/ItemBlock;)V" line="1278"><counter type="INSTRUCTION" missed="223" covered="0"/><counter type="BRANCH" missed="8" covered="0"/><counter type="LINE" missed="36" covered="0"/><counter type="COMPLEXITY" missed="5" covered="0"/><counter type="METHOD" missed="1" covered="0"/></method><method name="drawPaused" desc="(Ljava/awt/Graphics2D;)V" line="1328"><counter type="INSTRUCTION" missed="0" covered="48"/><counter type="LINE" missed="0" covered="8"/><counter type="COMPLEXITY" missed="0" covered="1"/><counter type="METHOD" missed="0" covered="1"/></method><method name="drawWinner" desc="(Ljava/awt/Graphics2D;)V" line="1338"><counter type="INSTRUCTION" missed="12" covered="55"/><counter type="BRANCH" missed="3" covered="1"/><counter type="LINE" missed="3" covered="9"/><counter type="COMPLEXITY" missed="2" covered="1"/><counter type="METHOD" missed="0" covered="1"/></method><method name="lambda$handleNetworkMessage$16" desc="(Ljava/util/List;)V" line="817"><counter type="INSTRUCTION" missed="7" covered="0"/><counter type="LINE" missed="3" covered="0"/><counter type="COMPLEXITY" missed="1" covered="0"/><counter type="METHOD" missed="1" covered="0"/></method><method name="lambda$handleNetworkMessage$15" desc="(Ljava/lang/String;)V" line="770"><counter type="INSTRUCTION" missed="10" covered="0"/><counter type="LINE" missed="6" covered="0"/><counter type="COMPLEXITY" missed="1" covered="0"/><counter type="METHOD" missed="1" covered="0"/></method><method name="lambda$returnToMenu$14" desc="()V" line="672"><counter type="INSTRUCTION" missed="8" covered="0"/><counter type="LINE" missed="3" covered="0"/><counter type="COMPLEXITY" missed="1" covered="0"/><counter type="METHOD" missed="1" covered="0"/></method><method name="lambda$showGameOver$13" desc="()V" line="551"><counter type="INSTRUCTION" missed="4" covered="198"/><counter type="LINE" missed="2" covered="35"/><counter type="COMPLEXITY" missed="0" covered="1"/><counter type="METHOD" missed="0" covered="1"/></method><method name="lambda$showGameOver$12" desc="(Ljavax/swing/JDialog;Ljava/awt/event/ActionEvent;)V" line="627"><counter type="INSTRUCTION" missed="5" covered="0"/><counter type="LINE" missed="3" covered="0"/><counter type="COMPLEXITY" missed="1" covered="0"/><counter type="METHOD" missed="1" covered="0"/></method><method name="lambda$showGameOver$11" desc="(Ljavax/swing/JDialog;Ljava/awt/event/ActionEvent;)V" line="622"><counter type="INSTRUCTION" missed="5" covered="0"/><counter type="LINE" missed="3" covered="0"/><counter type="COMPLEXITY" missed="1" covered="0"/><counter type="METHOD" missed="1" covered="0"/></method><method name="lambda$showPauseMenu$10" desc="(Ljava/awt/event/ActionEvent;)V" line="445"><counter type="INSTRUCTION" missed="9" covered="0"/><counter type="LINE" missed="4" covered="0"/><counter type="COMPLEXITY" missed="1" covered="0"/><counter type="METHOD" missed="1" covered="0"/></method><method name="lambda$showPauseMenu$9" desc="(Ljava/awt/event/Ac
[...]
"53" mi="0" ci="2" mb="0" cb="0"/><line nr="57" mi="0" ci="2" mb="0" cb="0"/><line nr="61" mi="0" ci="2" mb="0" cb="0"/><line nr="65" mi="0" ci="3" mb="0" cb="0"/><line nr="69" mi="0" ci="3" mb="0" cb="0"/><line nr="70" mi="0" ci="1" mb="0" cb="0"/><line nr="73" mi="0" ci="16" mb="0" cb="2"/><line nr="74" mi="0" ci="5" mb="0" cb="0"/><line nr="75" mi="0" ci="7" mb="0" cb="0"/><line nr="77" mi="0" ci="10" mb="2" cb="6"/><line nr="78" mi="0" ci="7" mb="0" cb="0"/><line nr="81" mi="0" ci="1" mb="0" cb="0"/><line nr="84" mi="0" ci="16" mb="0" cb="2"/><line nr="85" mi="0" ci="5" mb="0" cb="0"/><line nr="87" mi="0" ci="13" mb="0" cb="2"/><line nr="88" mi="0" ci="10" mb="0" cb="8"/><line nr="89" mi="0" ci="7" mb="0" cb="0"/><line nr="93" mi="0" ci="1" mb="0" cb="0"/><counter type="INSTRUCTION" missed="0" covered="180"/><counter type="BRANCH" missed="2" covered="20"/><counter type="LINE" missed="0" covered="27"/><counter type="COMPLEXITY" missed="2" covered="24"/><counter type="METHOD" missed="0" covered="15"/><counter type="CLASS" missed="0" covered="1"/></sourcefile><sourcefile name="LineBlock.java"><line nr="15" mi="0" ci="4" mb="0" cb="0"/><line nr="17" mi="0" ci="32" mb="0" cb="0"/><line nr="22" mi="0" ci="2" mb="0" cb="0"/><line nr="23" mi="0" ci="8" mb="0" cb="0"/><line nr="24" mi="0" ci="3" mb="0" cb="0"/><line nr="26" mi="0" ci="6" mb="0" cb="0"/><line nr="27" mi="0" ci="5" mb="0" cb="0"/><line nr="28" mi="0" ci="1" mb="0" cb="0"/><line nr="32" mi="0" ci="2" mb="0" cb="0"/><line nr="37" mi="0" ci="7" mb="0" cb="0"/><line nr="42" mi="0" ci="3" mb="0" cb="0"/><line nr="48" mi="0" ci="1" mb="0" cb="0"/><line nr="51" mi="0" ci="4" mb="0" cb="2"/><line nr="53" mi="0" ci="4" mb="0" cb="2"/><line nr="54" mi="0" ci="3" mb="0" cb="0"/><line nr="55" mi="0" ci="3" mb="0" cb="0"/><line nr="57" mi="0" ci="1" mb="0" cb="0"/><line nr="61" mi="0" ci="2" mb="0" cb="0"/><line nr="66" mi="0" ci="2" mb="0" cb="0"/><line nr="71" mi="0" ci="8" mb="0" cb="2"/><line nr="75" mi="0" ci="8" mb="0" cb="0"/><line nr="79" mi="0" ci="3" mb="0" cb="0"/><line nr="80" mi="0" ci="1" mb="0" cb="0"/><line nr="83" mi="0" ci="3" mb="0" cb="0"/><counter type="INSTRUCTION" missed="0" covered="116"/><counter type="BRANCH" missed="0" covered="6"/><counter type="LINE" missed="0" covered="24"/><counter type="COMPLEXITY" missed="0" covered="16"/><counter type="METHOD" missed="0" covered="13"/><counter type="CLASS" missed="0" covered="1"/></sourcefile><counter type="INSTRUCTION" missed="7" covered="901"/><counter type="BRANCH" missed="6" covered="77"/><counter type="LINE" missed="2" covered="177"/><counter type="COMPLEXITY" missed="6" covered="115"/><counter type="METHOD" missed="0" covered="78"/><counter type="CLASS" missed="0" covered="7"/></package><package name="network"><class name="network/Server" sourcefilename="Server.java"><method name="&lt;init&gt;" desc="()V" line="9"><counter type="INSTRUCTION" missed="0" covered="6"/><counter type="LINE" missed="0" covered="2"/><counter type="COMPLEXITY" missed="0" covered="1"/><counter type="METHOD" missed="0" covered="1"/></method><method name="isConnected" desc="()Z" line="19"><counter type="INSTRUCTION" missed="0" covered="3"/><counter type="LINE" missed="0" covered="1"/><counter type="COMPLEXITY" missed="0" covered="1"/><counter type="METHOD" missed="0" covered="1"/></method><method name="start" desc="(I)V" line="23"><counter type="INSTRUCTION" missed="0" covered="8"/><counter type="LINE" missed="0" covered="3"/><counter type="COMPLEXITY" missed="0" covered="1"/><counter type="METHOD" missed="0" covered="1"/></method><method name="send" desc="(Ljava/lang/String;)V" line="53"><counter type="INSTRUCTION" missed="4" covered="16"/><counter type="BRANCH" missed="1" covered="3"/><counter type="LINE" missed="2" covered="5"/><counter type="COMPLEXITY" missed="1" covered="2"/><counter type="METHOD" missed="0" covered="1"/></method><method name="close" desc="()V" line="64"><counter type="INSTRUCTION" missed="1" covered="26"/><counter type="BRANCH" missed="0" covered="8"/><counter type="LINE" missed="0" covered="6"/><counter type="COMPLEXITY" missed="0" covered="5"/><counter type="METHOD" missed="0" covered="1"/></method><method name="lambda$start$0" desc="(I)V" line="25"><counter type="INSTRUCTION" missed="10" covered="52"/><counter type="LINE" missed="3" covered="14"/><counter type="COMPLEXITY" missed="0" covered="1"/><counter type="METHOD" missed="0" covered="1"/></method><counter type="INSTRUCTION" missed="15" covered="111"/><counter type="BRANCH" missed="1" covered="11"/><counter type="LINE" missed="5" covered="30"/><counter type="COMPLEXITY" missed="1" covered="11"/><counter type="METHOD" missed="0" covered="6"/><counter type="CLASS" missed="0" covered="1"/></class><class name="network/Client" sourcefilename="Client.java"><method name="&lt;init&gt;" desc="()V" line="8"><counter type="INSTRUCTION" missed="0" covered="6"/><counter type="LINE" missed="0" covered="2"/><counter type="COMPLEXITY" missed="0" covered="1"/><counter type="METHOD" missed="0" covered="1"/></method><method name="isConnected" desc="()Z" line="17"><counter type="INSTRUCTION" missed="0" covered="3"/><counter type="LINE" missed="0" covered="1"/><counter type="COMPLEXITY" missed="0" covered="1"/><counter type="METHOD" missed="0" covered="1"/></method><method name="connect" desc="(Ljava/lang/String;I)V" line="21"><counter type="INSTRUCTION" missed="0" covered="9"/><counter type="LINE" missed="0" covered="3"/><counter type="COMPLEXITY" missed="0" covered="1"/><counter type="METHOD" missed="0" covered="1"/></method><method name="send" desc="(Ljava/lang/String;)V" line="49"><counter type="INSTRUCTION" missed="4" covered="16"/><counter type="BRANCH" missed="1" covered="3"/><counter type="LINE" missed="2" covered="5"/><counter type="COMPLEXITY" missed="1" covered="2"/><counter type="METHOD" missed="0" covered="1"/></method><method name="close" desc="()V" line="60"><counter type="INSTRUCTION" missed="1" covered="20"/><counter type="BRANCH" missed="0" covered="6"/><counter type="LINE" missed="0" covered="5"/><counter type="COMPLEXITY" missed="0" covered="4"/><counter type="METHOD" missed="0" covered="1"/></method><method name="lambda$connect$0" desc="(Ljava/lang/String;I)V" line="23"><counter type="INSTRUCTION" missed="0" covered="59"/><counter type="LINE" missed="0" covered="16"/><counter type="COMPLEXITY" missed="0" covered="1"/><counter type="METHOD" missed="0" covered="1"/></method><counter type="INSTRUCTION" missed="5" covered="113"/><counter type="BRANCH" missed="1" covered="9"/><counter type="LINE" missed="2" covered="31"/><counter type="COMPLEXITY" missed="1" covered="10"/><counter type="METHOD" missed="0" covered="6"/><counter type="CLASS" missed="0" covered="1"/></class><class name="network/NetworkManager" sourcefilename="NetworkManager.java"><method name="&lt;init&gt;" desc="()V" line="11"><counter type="INSTRUCTION" missed="0" covered="18"/><counter type="LINE" missed="0" covered="6"/><counter type="COMPLEXITY" missed="0" covered="1"/><counter type="METHOD" missed="0" covered="1"/></method><method name="getInstance" desc="()Lnetwork/NetworkManager;" line="15"><counter type="INSTRUCTION" missed="0" covered="2"/><counter type="LINE" missed="0" covered="1"/><counter type="COMPLEXITY" missed="0" covered="1"/><counter type="METHOD" missed="0" covered="1"/></method><method name="setMessageListener" desc="(Ljava/util/function/Consumer;)V" line="30"><counter type="INSTRUCTION" missed="0" covered="4"/><counter type="LINE" missed="0" covered="2"/><counter type="COMPLEXITY" missed="0" covered="1"/><counter type="METHOD" missed="0" covered="1"/></method><method name="isConnected" desc="()Z" line="34"><counter type="INSTRUCTION" missed="0" covered="3"/><counter type="LINE" missed="0" covered="1"/><counter type="COMPLEXITY" missed="0" covered="1"/><counter type="METHOD" missed="0" covered="1"/></method><method name="startServer" desc="(I)V" line="41"><counter type="INSTRUCTION" missed="0" covered="8"/><counter type="LINE" missed="0" covered="3"/><counter type="COMPLEXITY" missed="0" covered="1"/><counter type="METHOD" missed="0" covered="1"/></method><method name="startClient" desc="(Ljava/lang/String;I)V" line="66"><counter type="INSTRUCTION" missed="0" covered="9"/><counter type="LINE" missed="0" covered="3"/><counter type="COMPLEXITY" missed="0" covered="1"/><counter type="METHOD" missed="0" covered="1"/></method><method name="listenLoop" desc="()V" line="90"><counter type="INSTRUCTION" missed="0" covered="7"/><counter type="LINE" missed="0" covered="3"/><counter type="COMPLEXITY" missed="0" covered="1"/><counter type="METHOD" missed="0" covered="1"/></method><method name="send" desc="(Ljava/lang/String;)V" line="127"><counter type="INSTRUCTION" missed="0" covered="8"/><counter type="BRANCH" missed="0" covered="2"/><counter type="LINE" missed="0" covered="2"/><counter type="COMPLEXITY" missed="0" covered="2"/><counter type="METHOD" missed="0" covered="1"/></method><method name="close" desc="()V" line="135"><counter type="INSTRUCTION" missed="3" covered="43"/><counter type="BRANCH" missed="0" covered="12"/><counter type="LINE" missed="2" covered="11"/><counter type="COMPLEXITY" missed="0" covered="7"/><counter type="METHOD" missed="0" covered="1"/></method><method name="startPing" desc="()V" line="164"><counter type="INSTRUCTION" missed="0" covered="7"/><counter type="LINE" missed="0" covered="3"/><counter type="COMPLEXITY" missed="0" covered="1"/><counter type="METHOD" missed="0" covered="1"/></method><method name="getRTT" desc="()J" line="180"><counter type="INSTRUCTION" missed="0" covered="3"/><counter type="LINE" missed="0" covered="1"/><counter type="COMPLEXITY" missed="0" covered="1"/><counter type="METHOD" missed="0" covered="1"/></method><method name="getLastPingTime" desc="()J" line="184"><counter type="INSTRUCTION" missed="0" covered="3"/><counter type="LINE" missed="0" covered="1"/><counter type="COMPLEXITY" missed="0" covered="1"/><counter type="METHOD" missed="0" covered="1"/></method><method name="lambda$startPing$3" desc="()V" line="166"><counter type="INSTRUCTION" missed="1" covered="24"/><counter type="BRANCH" missed="2" covered="4"/><counter type="LINE" missed="0" covered="8"/><counter type="COMPLEXITY" missed="2" covered="2"/><counter type="METHOD" missed="0" covered="1"/></method><method name="lambda$listenLoop$2" desc="()V" line="94"><counter type="INSTRUCTION" missed="9" covered="44"/><counter type="BRANCH" missed="3" covered="7"/><counter type="LINE" missed="3" covered="12"/><counter type="COMPLEXITY" missed="3" covered="3"/><counter type="METHOD" missed="0" covered="1"/></method><method name="lambda$startClient$1" desc="(Ljava/lang/String;I)V" line="68"><counter type="INSTRUCTION" missed="0" covered="50"/><counter type="LINE" missed="0" covered="12"/><counter type="COMPLEXITY" missed="0" covered="1"/><counter type="METHOD" missed="0" covered="1"/></method><method name="lambda$startServer$0" desc="(I)V" line="43"><counter type="INSTRUCTION" missed="0" covered="52"/><counter type="LINE" missed="0" covered="13"/><counter type="COMPLEXITY" missed="0" covered="1"/><counter type="METHOD" missed="0" covered="1"/></method><method name="&lt;clinit&gt;" desc="()V" line="13"><counter type="INSTRUCTION" missed="0" covered="5"/><counter type="LINE" missed="0" covered="1"/><counter type="COMPLEXITY" missed="0" covered="1"/><counter type="METHOD" missed="0" covered="1"/></method><counter type="INSTRUCTION" missed="13" covered="290"/><counter type="BRANCH" missed="5" covered="25"/><counter type="LINE" missed="5" covered="79"/><counter type="COMPLEXITY" missed="5" covered="27"/><counter type="METHOD" missed="0" covered="17"/><counter type="CLASS" missed="0" covered="1"/></class><sourcefile name="NetworkManager.java"><line nr="11" mi="0" ci="2" mb="0" cb="0"/><line nr="13" mi="0" ci="5" mb="0" cb="0"/><line nr="15" mi="0" ci="2" mb="0" cb="0"/><line nr="18" mi="0" ci="3" mb="0" cb="0"/><line nr="25" mi="0" ci="3" mb="0" cb="0"/><line nr="30" mi="0" ci="3" mb="0" cb="0"/><line nr="31" mi="0" ci="1" mb="0" cb="0"/><line nr="34" mi="0" ci="3" mb="0" cb="0"/><line nr="41" mi="0" ci="6" mb="0" cb="0"/><line nr="43" mi="0" ci="6" mb="0" cb="0"/><line nr="44" mi="0" ci="5" mb="0" cb="0"/><line nr="46" mi="0" ci="9" mb="0" cb="0"/><line nr="47" mi="0" ci="11" mb="0" cb="0"/><line nr="49" mi="0" ci="3" mb="0" cb="0"/><line nr="50" mi="0" ci="3" mb="0" cb="0"/><line nr="52" mi="0" ci="2" mb="0" cb="0"/><line nr="53" mi="0" ci="2" mb="0" cb="0"/><line nr="55" mi="0" ci="1" mb="0" cb="0"/><line nr="56" mi="0" ci="5" mb="0" cb="0"/><line nr="57" mi="0" ci="3" mb="0" cb="0"/><line nr="58" mi="0" ci="1" mb="0" cb="0"/><line nr="59" mi="0" ci="2" mb="0" cb="0"/><line nr="60" mi="0" ci="1" mb="0" cb="0"/><line nr="66" mi="0" ci="7" mb="0" cb="0"/><line nr="68" mi="0" ci="7" mb="0" cb="0"/><line nr="70" mi="0" ci="9" mb="0" cb="0"/><line nr="71" mi="0" ci="11" mb="0" cb="0"/><line nr="73" mi="0" ci="3" mb="0" cb="0"/><line nr="74" mi="0" ci="3" mb="0" cb="0"/><line nr="76" mi="0" ci="2" mb="0" cb="0"/><line nr="77" mi="0" ci="2" mb="0" cb="0"/><line nr="79" mi="0" ci="1" mb="0" cb="0"/><line nr="80" mi="0" ci="7" mb="0" cb="0"/><line nr="81" mi="0" ci="3" mb="0" cb="0"/><line nr="82" mi="0" ci="1" mb="0" cb="0"/><line nr="83" mi="0" ci="2" mb="0" cb="0"/><line nr="84" mi="0" ci="1" mb="0" cb="0"/><line nr="90" mi="0" ci="5" mb="0" cb="0"/><line nr="94" mi="0" ci="9" mb="1" cb="3"/><line nr="97" mi="0" ci="4" mb="1" cb="1"/><line nr="98" mi="4" ci="0" mb="0" cb="0"/><line nr="99" mi="4" ci="0" mb="0" cb="0"/><line nr="100" mi="1" ci="0" mb="0" cb="0"/><line nr="104" mi="0" ci="4" mb="0" cb="2"/><line nr="105" mi="0" ci="5" mb="0" cb="0"/><line nr="106" mi="0" ci="2" mb="0" cb="0"/><line nr="107" mi="0" ci="5" mb="0" cb="0"/><line nr="108" mi="0" ci="3" mb="0" cb="0"/><line nr="109" mi="0" ci="1" mb="0" cb="0"/><line nr="113" mi="0" ci="3" mb="1" cb="1"/><line nr="114" mi="0" ci="5" mb="0" cb="0"/><line nr="118" mi="0" ci="2" mb="0" cb="0"/><line nr="120" mi="0" ci="2" mb="0" cb="0"/><line nr="121" mi="0" ci="1" mb="0" cb="0"/><line nr="127" mi="0" ci="7" mb="0" cb="2"/><line nr="128" mi="0" ci="1" mb="0" cb="0"/><line nr="135" mi="0" ci="3" mb="0" cb="0"/><line nr="136" mi="0" ci="3" mb="0" cb="0"/><line nr="137" mi="0" ci="3" mb="0" cb="0"/><line nr="139" mi="0" ci="7" mb="0" cb="4"/><line nr="140" mi="0" ci="3" mb="0" cb="0"/><line nr="143" mi="0" ci="7" mb="0" cb="4"/><line nr="144" mi="0" ci="3" mb="0" cb="0"/><line nr="147" mi="0" ci="6" mb="0" cb="2"/><line nr="148" mi="0" ci="6" mb="0" cb="2"/><line nr="150" mi="1" ci="0" mb="0" cb="0"/><line nr="151" mi="2" ci="0" mb="0" cb="0"/><line nr="152" mi="0" ci="1" mb="0" cb="0"/><line nr="153" mi="0" ci="1" mb="0" cb="0"/><line nr="158" mi="0" ci="3" mb="0" cb="0"/><line nr="159" mi="0" ci="3" mb="0" cb="0"/><line nr="160" mi="0" ci="4" mb="0" cb="0"/><line nr="164" mi="0" ci="5" mb="0" cb="0"/><line nr="166" mi="0" ci="10" mb="2" cb="4"/><line nr="168" mi="0" ci="2" mb="0" cb="0"/><line nr="169" mi="0" ci="3" mb="0" cb="0"/><line nr="171" mi="0" ci="4" mb="0" cb="0"/><line nr="173" mi="0" ci="2" mb="0" cb="0"/><line nr="174" mi="0" ci="1" mb="0" cb="0"/><line nr="175" mi="1" ci="1" mb="0" cb="0"/><line nr="176" mi="0" ci="2" mb="0" cb="0"/><line nr="177" mi="0" ci="1" mb="0" cb="0"/><line nr="180" mi="0" ci="3" mb="0" cb="0"/><line nr="184" mi="0" ci="3" mb="0" cb="0"/><counter type="INSTRUCTION" missed="13" covered="290"/><counter type="BRANCH" missed="5" covered="25"/><counter type="LINE" missed="5" covered="79"/><counter type="COMPLEXITY" missed="5" covered="27"/><counter type="METHOD" missed="0" covered="17"/><counter type="CLASS" missed="0" covered="1"/></sourcefile><sourcefile name="Client.java"><line nr="8" mi="0" ci="2" mb="0" cb="0"/><line nr="14" mi="0" ci="4" mb="0" cb="0"/><line nr="17" mi="0" ci="3" mb="0" cb="0"/><line nr="21" mi="0" ci="7" mb="0" cb="0"/><line nr="23" mi="0" ci="5" mb="0" cb="0"/><line nr="24" mi="0" ci="7" mb="0" cb="0"/><line nr="25" mi="0" ci="3" mb="0" cb="0"/><line nr="27" mi="0" ci="8" mb="0" cb="0"/><line nr="28" mi="0" ci="8" mb="0" cb="0"/><line nr="30" mi="0" ci="3" mb="0" cb="0"/><line nr="32" mi="0" ci="3" mb="0" cb="0"/><line nr="35" mi="0" ci="4" mb="0" cb="0"/><line nr="36" mi="0" ci="5" mb="0" cb="0"/><line nr="37" mi="0" ci="1" mb="0" cb="0"/><line nr="39" mi="0" ci="1" mb="0" cb="0"/><line nr="40" mi="0" ci="3" mb="0" cb="0"/><line nr="41" mi="0" ci="2" mb="0" cb="0"/><line nr="42" mi="0" ci="3" mb="0" cb="0"/><line nr="43" mi="0" ci="2" mb="0" cb="0"/><line nr="45" mi="0" ci="2" mb="0" cb="0"/><line nr="46" mi="0" ci="1" mb="0" cb="0"/><line nr="49" mi="0" ci="7" mb="1" cb="3"/><line nr="51" mi="0" ci="4" mb="0" cb="0"/><line nr="52" mi="0" ci="3" mb="0" cb="0"/><line nr="53" mi="1" ci="0" mb="0" cb="0"/><line nr="54" mi="3" ci="0" mb="0" cb="0"/><line nr="55" mi="0" ci="1" mb="0" cb="0"/><line nr="56" mi="0" ci="1" mb="0" cb="0"/><line nr="60" mi="0" ci="6" mb="0" cb="2"/><line nr="61" mi="0" ci="6" mb="0" cb="2"/><line nr="62" mi="0" ci="6" mb="0" cb="2"/><line nr="63" mi="1" ci="1" mb="0" cb="0"/><line nr="64" mi="0" ci="1" mb="0" cb="0"/><counter type="INSTRUCTION" missed="5" covered="113"/><counter type="BRANCH" missed="1" covered="9"/><counter type="LINE" missed="2" covered="31"/><counter type="COMPLEXITY" missed="1" covered="10"/><counter type="METHOD" missed="0" covered="6"/><counter type="CLASS" missed="0" covered="1"/></sourcefile><sourcefile name="Server.java"><line nr="9" mi="0" ci="2" mb="0" cb="0"/><line nr="16" mi="0" ci="4" mb="0" cb="0"/><line nr="19" mi="0" ci="3" mb="0" cb="0"/><line nr="23" mi="0" ci="6" mb="0" cb="0"/><line nr="25" mi="0" ci="4" mb="0" cb="0"/><line nr="26" mi="0" ci="6" mb="0" cb="0"/><line nr="28" mi="0" ci="5" mb="0" cb="0"/><line nr="29" mi="0" ci="3" mb="0" cb="0"/><line nr="31" mi="0" ci="8" mb="0" cb="0"/><line nr="32" mi="0" ci="8" mb="0" cb="0"/><line nr="34" mi="0" ci="3" mb="0" cb="0"/><line nr="36" mi="0" ci="3" mb="0" cb="0"/><line nr="39" mi="4" ci="0" mb="0" cb="0"/><line nr="40" mi="5" ci="0" mb="0" cb="0"/><line nr="41" mi="1" ci="0" mb="0" cb="0"/><line nr="43" mi="0" ci="1" mb="0" cb="0"/><line nr="44" mi="0" ci="3" mb="0" cb="0"/><line nr="45" mi="0" ci="2" mb="0" cb="0"/><line nr="46" mi="0" ci="3" mb="0" cb="0"/><line nr="47" mi="0" ci="2" mb="0" cb="0"/><line nr="49" mi="0" ci="2" mb="0" cb="0"/><line nr="50" mi="0" ci="1" mb="0" cb="0"/><line nr="53" mi="0" ci="7" mb="1" cb="3"/><line nr="55" mi="0" ci="4" mb="0" cb="0"/><line nr="56" mi="0" ci="3" mb="0" cb="0"/><line nr="57" mi="1" ci="0" mb="0" cb="0"/><line nr="58" mi="3" ci="0" mb="0" cb="0"/><line nr="59" mi="0" ci="1" mb="0" cb="0"/><line nr="60" mi="0" ci="1" mb="0" cb="0"/><line nr="64" mi="0" ci="6" mb="0" cb="2"/><line nr="65" mi="0" ci="6" mb="0" cb="2"/><line nr="66" mi="0" ci="6" mb="0" cb="2"/><line nr="67" mi="0" ci="6" mb="0" cb="2"/><line nr="68" mi="1" ci="1" mb="0" cb="0"/><line nr="69" mi="0" ci="1" mb="0" cb="0"/><counter type="INSTRUCTION" missed="15" covered="111"/><counter type="BRANCH" missed="1" covered="11"/><counter type="LINE" missed="5" covered="30"/><counter type="COMPLEXITY" missed="1" covered="11"/><counter type="METHOD" missed="0" covered="6"/><counter type="CLASS" missed="0" covered="1"/></sourcefile><counter type="INSTRUCTION" missed="33" covered="514"/><counter type="BRANCH" missed="7" covered="45"/><counter type="LINE" missed="12" covered="140"/><counter type="COMPLEXITY" missed="7" covered="48"/><counter type="METHOD" missed="0" covered="29"/><counter type="CLASS" missed="0" covered="3"/></package><counter type="INSTRUCTION" missed="5496" covered="18699"/><counter type="BRANCH" missed="745" covered="969"/><counter type="LINE" missed="1277" covered="3204"/><counter type="COMPLEXITY" missed="650" covered="813"/><counter type="METHOD" missed="138" covered="441"/><counter type="CLASS" missed="5" covered="66"/></report>